Warning: ignoring unsupported tag `ALLOW_UNICODE_NAMES    =' at line 79, file /home/travis/build/ComPWA/ComPWA/doc/Doxyfile.travisCI
Warning: ignoring unsupported tag `TOC_INCLUDE_HEADINGS   =' at line 303, file /home/travis/build/ComPWA/ComPWA/doc/Doxyfile.travisCI
Warning: ignoring unsupported tag `GROUP_NESTED_COMPOUNDS =' at line 360, file /home/travis/build/ComPWA/ComPWA/doc/Doxyfile.travisCI
Warning: ignoring unsupported tag `HIDE_COMPOUND_REFERENCE=' at line 531, file /home/travis/build/ComPWA/ComPWA/doc/Doxyfile.travisCI
Warning: ignoring unsupported tag `WARN_AS_ERROR          =' at line 755, file /home/travis/build/ComPWA/ComPWA/doc/Doxyfile.travisCI
Warning: ignoring unsupported tag `LATEX_EXTRA_STYLESHEET =' at line 1705, file /home/travis/build/ComPWA/ComPWA/doc/Doxyfile.travisCI
Warning: ignoring unsupported tag `LATEX_TIMESTAMP        =' at line 1772, file /home/travis/build/ComPWA/ComPWA/doc/Doxyfile.travisCI
Warning: ignoring unsupported tag `RTF_SOURCE_CODE        =' at line 1838, file /home/travis/build/ComPWA/ComPWA/doc/Doxyfile.travisCI
Warning: ignoring unsupported tag `MAN_SUBDIR             =' at line 1873, file /home/travis/build/ComPWA/ComPWA/doc/Doxyfile.travisCI
Warning: ignoring unsupported tag `DOCBOOK_PROGRAMLISTING =' at line 1936, file /home/travis/build/ComPWA/ComPWA/doc/Doxyfile.travisCI
Warning: ignoring unsupported tag `PLANTUML_JAR_PATH      =' at line 2365, file /home/travis/build/ComPWA/ComPWA/doc/Doxyfile.travisCI
Warning: ignoring unsupported tag `PLANTUML_CFG_FILE      =' at line 2370, file /home/travis/build/ComPWA/ComPWA/doc/Doxyfile.travisCI
Warning: ignoring unsupported tag `PLANTUML_INCLUDE_PATH  =' at line 2375, file /home/travis/build/ComPWA/ComPWA/doc/Doxyfile.travisCI
Searching for include files...
Searching for example files...
Searching for images...
Searching for files in directory /home/travis/build/ComPWA/ComPWA/doc/images
Searching for dot files...
Searching for msc files...
Searching for dia files...
Searching for files to exclude
Searching for files to process...
Searching for files in directory /home/travis/build/ComPWA/ComPWA
Searching for files in directory /home/travis/build/ComPWA/ComPWA/cmake
Searching for files in directory /home/travis/build/ComPWA/ComPWA/cmake/Modules
Searching for files in directory /home/travis/build/ComPWA/ComPWA/Core
Searching for files in directory /home/travis/build/ComPWA/ComPWA/DataReader
Searching for files in directory /home/travis/build/ComPWA/ComPWA/DataReader/AsciiReader
Searching for files in directory /home/travis/build/ComPWA/ComPWA/DataReader/JakeReader
Searching for files in directory /home/travis/build/ComPWA/ComPWA/DataReader/RootReader
Searching for files in directory /home/travis/build/ComPWA/ComPWA/doc
Searching for files in directory /home/travis/build/ComPWA/ComPWA/doc/images
Searching for files in directory /home/travis/build/ComPWA/ComPWA/Estimator
Searching for files in directory /home/travis/build/ComPWA/ComPWA/Estimator/ChiOneD
Searching for files in directory /home/travis/build/ComPWA/ComPWA/Estimator/MinLogLH
Searching for files in directory /home/travis/build/ComPWA/ComPWA/Estimator/SliceFit
Searching for files in directory /home/travis/build/ComPWA/ComPWA/Estimator/SliceFitUB
Searching for files in directory /home/travis/build/ComPWA/ComPWA/executables
Searching for files in directory /home/travis/build/ComPWA/ComPWA/executables/AmpPlotter
Searching for files in directory /home/travis/build/ComPWA/ComPWA/executables/config
Searching for files in directory /home/travis/build/ComPWA/ComPWA/executables/Examples
Searching for files in directory /home/travis/build/ComPWA/ComPWA/executables/Examples/DalitzAnalysis_D0KsKK
Searching for files in directory /home/travis/build/ComPWA/ComPWA/executables/Examples/DalitzFit
Searching for files in directory /home/travis/build/ComPWA/ComPWA/executables/Examples/SliceFit
Searching for files in directory /home/travis/build/ComPWA/ComPWA/executables/test
Searching for files in directory /home/travis/build/ComPWA/ComPWA/Optimizer
Searching for files in directory /home/travis/build/ComPWA/ComPWA/Optimizer/Geneva
Searching for files in directory /home/travis/build/ComPWA/ComPWA/Optimizer/Minuit2
Searching for files in directory /home/travis/build/ComPWA/ComPWA/Physics
Searching for files in directory /home/travis/build/ComPWA/ComPWA/Physics/AmplitudeSum
Searching for files in directory /home/travis/build/ComPWA/ComPWA/Physics/BreitWigner
Searching for files in directory /home/travis/build/ComPWA/ComPWA/Physics/DecayTree
Searching for files in directory /home/travis/build/ComPWA/ComPWA/Physics/DPKinematics
Searching for files in directory /home/travis/build/ComPWA/ComPWA/Physics/DynamicalDecayFunctions
Searching for files in directory /home/travis/build/ComPWA/ComPWA/Physics/DynamicalDecayFunctions/TwoBodyDecay
Searching for files in directory /home/travis/build/ComPWA/ComPWA/Physics/HelicityAmplitude
Reading and parsing tag files
Parsing files
Preprocessing /home/travis/build/ComPWA/ComPWA/Core/AbsParameter.hpp...
Parsing file /home/travis/build/ComPWA/ComPWA/Core/AbsParameter.hpp...
Preprocessing /home/travis/build/ComPWA/ComPWA/Core/Amplitude.cpp...
Parsing file /home/travis/build/ComPWA/ComPWA/Core/Amplitude.cpp...
Preprocessing /home/travis/build/ComPWA/ComPWA/Core/Amplitude.hpp...
Parsing file /home/travis/build/ComPWA/ComPWA/Core/Amplitude.hpp...
Preprocessing /home/travis/build/ComPWA/ComPWA/Core/ControlParameter.cpp...
Parsing file /home/travis/build/ComPWA/ComPWA/Core/ControlParameter.cpp...
Preprocessing /home/travis/build/ComPWA/ComPWA/Core/ControlParameter.hpp...
Parsing file /home/travis/build/ComPWA/ComPWA/Core/ControlParameter.hpp...
Preprocessing /home/travis/build/ComPWA/ComPWA/Core/DataPoint.cpp...
Parsing file /home/travis/build/ComPWA/ComPWA/Core/DataPoint.cpp...
Preprocessing /home/travis/build/ComPWA/ComPWA/Core/DataPoint.hpp...
Parsing file /home/travis/build/ComPWA/ComPWA/Core/DataPoint.hpp...
Preprocessing /home/travis/build/ComPWA/ComPWA/Core/DataPointStorage.cpp...
Parsing file /home/travis/build/ComPWA/ComPWA/Core/DataPointStorage.cpp...
Preprocessing /home/travis/build/ComPWA/ComPWA/Core/DataPointStorage.hpp...
Parsing file /home/travis/build/ComPWA/ComPWA/Core/DataPointStorage.hpp...
Preprocessing /home/travis/build/ComPWA/ComPWA/Core/Dictionary.cpp...
Parsing file /home/travis/build/ComPWA/ComPWA/Core/Dictionary.cpp...
Preprocessing /home/travis/build/ComPWA/ComPWA/Core/Dictionary.hpp...
Parsing file /home/travis/build/ComPWA/ComPWA/Core/Dictionary.hpp...
Preprocessing /home/travis/build/ComPWA/ComPWA/Core/documentation.hpp...
Parsing file /home/travis/build/ComPWA/ComPWA/Core/documentation.hpp...
Preprocessing /home/travis/build/ComPWA/ComPWA/Core/Efficiency.cpp...
Parsing file /home/travis/build/ComPWA/ComPWA/Core/Efficiency.cpp...
Preprocessing /home/travis/build/ComPWA/ComPWA/Core/Efficiency.hpp...
Parsing file /home/travis/build/ComPWA/ComPWA/Core/Efficiency.hpp...
Preprocessing /home/travis/build/ComPWA/ComPWA/Core/Event.cpp...
Parsing file /home/travis/build/ComPWA/ComPWA/Core/Event.cpp...
Preprocessing /home/travis/build/ComPWA/ComPWA/Core/Event.hpp...
Parsing file /home/travis/build/ComPWA/ComPWA/Core/Event.hpp...
Preprocessing /home/travis/build/ComPWA/ComPWA/Core/Exceptions.hpp...
Parsing file /home/travis/build/ComPWA/ComPWA/Core/Exceptions.hpp...
Preprocessing /home/travis/build/ComPWA/ComPWA/Core/FitResult.cpp...
Parsing file /home/travis/build/ComPWA/ComPWA/Core/FitResult.cpp...
Preprocessing /home/travis/build/ComPWA/ComPWA/Core/FitResult.hpp...
Parsing file /home/travis/build/ComPWA/ComPWA/Core/FitResult.hpp...
Preprocessing /home/travis/build/ComPWA/ComPWA/Core/Functions.cpp...
Parsing file /home/travis/build/ComPWA/ComPWA/Core/Functions.cpp...
Preprocessing /home/travis/build/ComPWA/ComPWA/Core/Functions.hpp...
Parsing file /home/travis/build/ComPWA/ComPWA/Core/Functions.hpp...
Preprocessing /home/travis/build/ComPWA/ComPWA/Core/FunctionTree.cpp...
Parsing file /home/travis/build/ComPWA/ComPWA/Core/FunctionTree.cpp...
Preprocessing /home/travis/build/ComPWA/ComPWA/Core/FunctionTree.hpp...
Parsing file /home/travis/build/ComPWA/ComPWA/Core/FunctionTree.hpp...
Preprocessing /home/travis/build/ComPWA/ComPWA/Core/Generator.hpp...
Parsing file /home/travis/build/ComPWA/ComPWA/Core/Generator.hpp...
Preprocessing /home/travis/build/ComPWA/ComPWA/Core/Kinematics.cpp...
Parsing file /home/travis/build/ComPWA/ComPWA/Core/Kinematics.cpp...
Preprocessing /home/travis/build/ComPWA/ComPWA/Core/Kinematics.hpp...
Parsing file /home/travis/build/ComPWA/ComPWA/Core/Kinematics.hpp...
Preprocessing /home/travis/build/ComPWA/ComPWA/Core/Logging.cpp...
Parsing file /home/travis/build/ComPWA/ComPWA/Core/Logging.cpp...
Preprocessing /home/travis/build/ComPWA/ComPWA/Core/Logging.hpp...
Parsing file /home/travis/build/ComPWA/ComPWA/Core/Logging.hpp...
Preprocessing /home/travis/build/ComPWA/ComPWA/Core/Parameter.hpp...
Parsing file /home/travis/build/ComPWA/ComPWA/Core/Parameter.hpp...
Preprocessing /home/travis/build/ComPWA/ComPWA/Core/ParameterList.cpp...
Parsing file /home/travis/build/ComPWA/ComPWA/Core/ParameterList.cpp...
Preprocessing /home/travis/build/ComPWA/ComPWA/Core/ParameterList.hpp...
Parsing file /home/travis/build/ComPWA/ComPWA/Core/ParameterList.hpp...
Preprocessing /home/travis/build/ComPWA/ComPWA/Core/ParameterListTest.cpp...
Parsing file /home/travis/build/ComPWA/ComPWA/Core/ParameterListTest.cpp...
Preprocessing /home/travis/build/ComPWA/ComPWA/Core/ParameterTest.cpp...
Parsing file /home/travis/build/ComPWA/ComPWA/Core/ParameterTest.cpp...
Preprocessing /home/travis/build/ComPWA/ComPWA/Core/ParObserver.hpp...
Parsing file /home/travis/build/ComPWA/ComPWA/Core/ParObserver.hpp...
Preprocessing /home/travis/build/ComPWA/ComPWA/Core/Particle.cpp...
Parsing file /home/travis/build/ComPWA/ComPWA/Core/Particle.cpp...
Preprocessing /home/travis/build/ComPWA/ComPWA/Core/Particle.hpp...
Parsing file /home/travis/build/ComPWA/ComPWA/Core/Particle.hpp...
Preprocessing /home/travis/build/ComPWA/ComPWA/Core/PhysConst.cpp...
Parsing file /home/travis/build/ComPWA/ComPWA/Core/PhysConst.cpp...
Preprocessing /home/travis/build/ComPWA/ComPWA/Core/PhysConst.hpp...
Parsing file /home/travis/build/ComPWA/ComPWA/Core/PhysConst.hpp...
Preprocessing /home/travis/build/ComPWA/ComPWA/Core/ProgressBar.cpp...
Parsing file /home/travis/build/ComPWA/ComPWA/Core/ProgressBar.cpp...
Preprocessing /home/travis/build/ComPWA/ComPWA/Core/ProgressBar.hpp...
Parsing file /home/travis/build/ComPWA/ComPWA/Core/ProgressBar.hpp...
Preprocessing /home/travis/build/ComPWA/ComPWA/Core/Resolution.hpp...
Parsing file /home/travis/build/ComPWA/ComPWA/Core/Resolution.hpp...
Preprocessing /home/travis/build/ComPWA/ComPWA/Core/Resonance.hpp...
Parsing file /home/travis/build/ComPWA/ComPWA/Core/Resonance.hpp...
Preprocessing /home/travis/build/ComPWA/ComPWA/Core/RunManager.cpp...
Parsing file /home/travis/build/ComPWA/ComPWA/Core/RunManager.cpp...
Preprocessing /home/travis/build/ComPWA/ComPWA/Core/RunManager.hpp...
Parsing file /home/travis/build/ComPWA/ComPWA/Core/RunManager.hpp...
Preprocessing /home/travis/build/ComPWA/ComPWA/Core/TableFormater.cpp...
Parsing file /home/travis/build/ComPWA/ComPWA/Core/TableFormater.cpp...
Preprocessing /home/travis/build/ComPWA/ComPWA/Core/TableFormater.hpp...
Parsing file /home/travis/build/ComPWA/ComPWA/Core/TableFormater.hpp...
Preprocessing /home/travis/build/ComPWA/ComPWA/Core/TreeNode.cpp...
Parsing file /home/travis/build/ComPWA/ComPWA/Core/TreeNode.cpp...
Preprocessing /home/travis/build/ComPWA/ComPWA/Core/TreeNode.hpp...
Parsing file /home/travis/build/ComPWA/ComPWA/Core/TreeNode.hpp...
Preprocessing /home/travis/build/ComPWA/ComPWA/Core/TwoBodyKinematics.cpp...
Parsing file /home/travis/build/ComPWA/ComPWA/Core/TwoBodyKinematics.cpp...
Preprocessing /home/travis/build/ComPWA/ComPWA/Core/TwoBodyKinematics.hpp...
Parsing file /home/travis/build/ComPWA/ComPWA/Core/TwoBodyKinematics.hpp...
Preprocessing /home/travis/build/ComPWA/ComPWA/Core/Utility.hpp...
Parsing file /home/travis/build/ComPWA/ComPWA/Core/Utility.hpp...
Preprocessing /home/travis/build/ComPWA/ComPWA/DataReader/AsciiReader/AsciiReader.cpp...
Parsing file /home/travis/build/ComPWA/ComPWA/DataReader/AsciiReader/AsciiReader.cpp...
Preprocessing /home/travis/build/ComPWA/ComPWA/DataReader/AsciiReader/AsciiReader.hpp...
Parsing file /home/travis/build/ComPWA/ComPWA/DataReader/AsciiReader/AsciiReader.hpp...
Preprocessing /home/travis/build/ComPWA/ComPWA/DataReader/CorrectionTable.cpp...
Parsing file /home/travis/build/ComPWA/ComPWA/DataReader/CorrectionTable.cpp...
Preprocessing /home/travis/build/ComPWA/ComPWA/DataReader/CorrectionTable.hpp...
Parsing file /home/travis/build/ComPWA/ComPWA/DataReader/CorrectionTable.hpp...
Preprocessing /home/travis/build/ComPWA/ComPWA/DataReader/Data.cpp...
Parsing file /home/travis/build/ComPWA/ComPWA/DataReader/Data.cpp...
Preprocessing /home/travis/build/ComPWA/ComPWA/DataReader/Data.hpp...
Parsing file /home/travis/build/ComPWA/ComPWA/DataReader/Data.hpp...
Preprocessing /home/travis/build/ComPWA/ComPWA/DataReader/DataCorrection.cpp...
Parsing file /home/travis/build/ComPWA/ComPWA/DataReader/DataCorrection.cpp...
Preprocessing /home/travis/build/ComPWA/ComPWA/DataReader/DataCorrection.hpp...
Parsing file /home/travis/build/ComPWA/ComPWA/DataReader/DataCorrection.hpp...
Preprocessing /home/travis/build/ComPWA/ComPWA/DataReader/JakeReader/JakeReader.cpp...
Parsing file /home/travis/build/ComPWA/ComPWA/DataReader/JakeReader/JakeReader.cpp...
Preprocessing /home/travis/build/ComPWA/ComPWA/DataReader/JakeReader/JakeReader.hpp...
Parsing file /home/travis/build/ComPWA/ComPWA/DataReader/JakeReader/JakeReader.hpp...
Preprocessing /home/travis/build/ComPWA/ComPWA/DataReader/RootReader/DataTest.cpp...
Parsing file /home/travis/build/ComPWA/ComPWA/DataReader/RootReader/DataTest.cpp...
Preprocessing /home/travis/build/ComPWA/ComPWA/DataReader/RootReader/RootReader.cpp...
Parsing file /home/travis/build/ComPWA/ComPWA/DataReader/RootReader/RootReader.cpp...
Preprocessing /home/travis/build/ComPWA/ComPWA/DataReader/RootReader/RootReader.hpp...
Parsing file /home/travis/build/ComPWA/ComPWA/DataReader/RootReader/RootReader.hpp...
Preprocessing /home/travis/build/ComPWA/ComPWA/Estimator/AmpFcn.cpp...
Parsing file /home/travis/build/ComPWA/ComPWA/Estimator/AmpFcn.cpp...
Preprocessing /home/travis/build/ComPWA/ComPWA/Estimator/ChiOneD/ChiOneD.cpp...
Parsing file /home/travis/build/ComPWA/ComPWA/Estimator/ChiOneD/ChiOneD.cpp...
Preprocessing /home/travis/build/ComPWA/ComPWA/Estimator/ChiOneD/ChiOneD.hpp...
Parsing file /home/travis/build/ComPWA/ComPWA/Estimator/ChiOneD/ChiOneD.hpp...
Preprocessing /home/travis/build/ComPWA/ComPWA/Estimator/Estimator.hpp...
Parsing file /home/travis/build/ComPWA/ComPWA/Estimator/Estimator.hpp...
Preprocessing /home/travis/build/ComPWA/ComPWA/Estimator/MinLogLH/MinLogLH.cpp...
Parsing file /home/travis/build/ComPWA/ComPWA/Estimator/MinLogLH/MinLogLH.cpp...
Preprocessing /home/travis/build/ComPWA/ComPWA/Estimator/MinLogLH/MinLogLH.hpp...
Parsing file /home/travis/build/ComPWA/ComPWA/Estimator/MinLogLH/MinLogLH.hpp...
Preprocessing /home/travis/build/ComPWA/ComPWA/Estimator/SliceFit/SliceFit.cpp...
Parsing file /home/travis/build/ComPWA/ComPWA/Estimator/SliceFit/SliceFit.cpp...
Preprocessing /home/travis/build/ComPWA/ComPWA/Estimator/SliceFit/SliceFit.hpp...
Parsing file /home/travis/build/ComPWA/ComPWA/Estimator/SliceFit/SliceFit.hpp...
Preprocessing /home/travis/build/ComPWA/ComPWA/Estimator/SliceFitUB/SliceFitUB.cpp...
Parsing file /home/travis/build/ComPWA/ComPWA/Estimator/SliceFitUB/SliceFitUB.cpp...
Preprocessing /home/travis/build/ComPWA/ComPWA/Estimator/SliceFitUB/SliceFitUB.hpp...
Parsing file /home/travis/build/ComPWA/ComPWA/Estimator/SliceFitUB/SliceFitUB.hpp...
Preprocessing /home/travis/build/ComPWA/ComPWA/executables/AmpPlotter/AmpPlotterApp.cpp...
Parsing file /home/travis/build/ComPWA/ComPWA/executables/AmpPlotter/AmpPlotterApp.cpp...
Preprocessing /home/travis/build/ComPWA/ComPWA/executables/AmpPlotter/AutoDict_vector_TLorentzVector_.cxx...
Parsing file /home/travis/build/ComPWA/ComPWA/executables/AmpPlotter/AutoDict_vector_TLorentzVector_.cxx...
Preprocessing /home/travis/build/ComPWA/ComPWA/executables/AmpPlotter/LinkDefPlotter.h...
Parsing file /home/travis/build/ComPWA/ComPWA/executables/AmpPlotter/LinkDefPlotter.h...
Preprocessing /home/travis/build/ComPWA/ComPWA/executables/AmpPlotter/TTripleSliderDemo.hpp...
Parsing file /home/travis/build/ComPWA/ComPWA/executables/AmpPlotter/TTripleSliderDemo.hpp...
Preprocessing /home/travis/build/ComPWA/ComPWA/executables/BlackScholesApp.cpp...
Parsing file /home/travis/build/ComPWA/ComPWA/executables/BlackScholesApp.cpp...
Preprocessing /home/travis/build/ComPWA/ComPWA/executables/CompareTreeAmpApp.cpp...
Parsing file /home/travis/build/ComPWA/ComPWA/executables/CompareTreeAmpApp.cpp...
Preprocessing /home/travis/build/ComPWA/ComPWA/executables/DPareaTestApp.cpp...
Parsing file /home/travis/build/ComPWA/ComPWA/executables/DPareaTestApp.cpp...
Preprocessing /home/travis/build/ComPWA/ComPWA/executables/Examples/DalitzAnalysis_D0KsKK/DalitzFitD03K.cpp...
Parsing file /home/travis/build/ComPWA/ComPWA/executables/Examples/DalitzAnalysis_D0KsKK/DalitzFitD03K.cpp...
Preprocessing /home/travis/build/ComPWA/ComPWA/executables/Examples/DalitzAnalysis_D0KsKK/PlotData.cpp...
Parsing file /home/travis/build/ComPWA/ComPWA/executables/Examples/DalitzAnalysis_D0KsKK/PlotData.cpp...
Preprocessing /home/travis/build/ComPWA/ComPWA/executables/Examples/DalitzAnalysis_D0KsKK/PlotData.hpp...
Parsing file /home/travis/build/ComPWA/ComPWA/executables/Examples/DalitzAnalysis_D0KsKK/PlotData.hpp...
Preprocessing /home/travis/build/ComPWA/ComPWA/executables/Examples/DalitzAnalysis_D0KsKK/Tools.hpp...
Parsing file /home/travis/build/ComPWA/ComPWA/executables/Examples/DalitzAnalysis_D0KsKK/Tools.hpp...
Preprocessing /home/travis/build/ComPWA/ComPWA/executables/Examples/DalitzFit/DalitzDataPlotterApp.cpp...
Parsing file /home/travis/build/ComPWA/ComPWA/executables/Examples/DalitzFit/DalitzDataPlotterApp.cpp...
Preprocessing /home/travis/build/ComPWA/ComPWA/executables/Examples/DalitzFit/DalitzFitApp.cpp...
Parsing file /home/travis/build/ComPWA/ComPWA/executables/Examples/DalitzFit/DalitzFitApp.cpp...
Preprocessing /home/travis/build/ComPWA/ComPWA/executables/Examples/DalitzFit/GenDalitzApp.cpp...
Parsing file /home/travis/build/ComPWA/ComPWA/executables/Examples/DalitzFit/GenDalitzApp.cpp...
Preprocessing /home/travis/build/ComPWA/ComPWA/executables/Examples/DalitzFit/GenPhspApp.cpp...
Parsing file /home/travis/build/ComPWA/ComPWA/executables/Examples/DalitzFit/GenPhspApp.cpp...
Preprocessing /home/travis/build/ComPWA/ComPWA/executables/Examples/SliceFit/SliceFitApp.cpp...
Parsing file /home/travis/build/ComPWA/ComPWA/executables/Examples/SliceFit/SliceFitApp.cpp...
Preprocessing /home/travis/build/ComPWA/ComPWA/executables/Examples/SliceFit/SliceFitRANDApp.cpp...
Parsing file /home/travis/build/ComPWA/ComPWA/executables/Examples/SliceFit/SliceFitRANDApp.cpp...
Preprocessing /home/travis/build/ComPWA/ComPWA/executables/Examples/SliceFit/SliceFitUBApp.cpp...
Parsing file /home/travis/build/ComPWA/ComPWA/executables/Examples/SliceFit/SliceFitUBApp.cpp...
Preprocessing /home/travis/build/ComPWA/ComPWA/executables/GenRunManagerApp.cpp...
Parsing file /home/travis/build/ComPWA/ComPWA/executables/GenRunManagerApp.cpp...
Preprocessing /home/travis/build/ComPWA/ComPWA/executables/GenTwoPartApp.cpp...
Parsing file /home/travis/build/ComPWA/ComPWA/executables/GenTwoPartApp.cpp...
Preprocessing /home/travis/build/ComPWA/ComPWA/executables/HelicityAmplitudeFitApp.cpp...
Parsing file /home/travis/build/ComPWA/ComPWA/executables/HelicityAmplitudeFitApp.cpp...
Preprocessing /home/travis/build/ComPWA/ComPWA/executables/HelicityCoherentAmplitudeEventGenApp.cpp...
Parsing file /home/travis/build/ComPWA/ComPWA/executables/HelicityCoherentAmplitudeEventGenApp.cpp...
Preprocessing /home/travis/build/ComPWA/ComPWA/executables/HelicityCoherentAmplitudePlotApp.cpp...
Parsing file /home/travis/build/ComPWA/ComPWA/executables/HelicityCoherentAmplitudePlotApp.cpp...
Preprocessing /home/travis/build/ComPWA/ComPWA/executables/HelicityDecayTreeGeneratorTestApp.cpp...
Parsing file /home/travis/build/ComPWA/ComPWA/executables/HelicityDecayTreeGeneratorTestApp.cpp...
Preprocessing /home/travis/build/ComPWA/ComPWA/executables/HelicityDecayTreeTestApp.cpp...
Parsing file /home/travis/build/ComPWA/ComPWA/executables/HelicityDecayTreeTestApp.cpp...
Preprocessing /home/travis/build/ComPWA/ComPWA/executables/LHNormalizationTestApp.cpp...
Parsing file /home/travis/build/ComPWA/ComPWA/executables/LHNormalizationTestApp.cpp...
Preprocessing /home/travis/build/ComPWA/ComPWA/executables/MultiVariateGaussianTestApp.cpp...
Parsing file /home/travis/build/ComPWA/ComPWA/executables/MultiVariateGaussianTestApp.cpp...
Preprocessing /home/travis/build/ComPWA/ComPWA/executables/NeuralNetworkApp.cpp...
Parsing file /home/travis/build/ComPWA/ComPWA/executables/NeuralNetworkApp.cpp...
Preprocessing /home/travis/build/ComPWA/ComPWA/executables/ROOTPlotHelper.hpp...
Parsing file /home/travis/build/ComPWA/ComPWA/executables/ROOTPlotHelper.hpp...
Preprocessing /home/travis/build/ComPWA/ComPWA/executables/SerializationApp.cpp...
Parsing file /home/travis/build/ComPWA/ComPWA/executables/SerializationApp.cpp...
Preprocessing /home/travis/build/ComPWA/ComPWA/executables/test/CX0TestApp.cpp...
Parsing file /home/travis/build/ComPWA/ComPWA/executables/test/CX0TestApp.cpp...
Preprocessing /home/travis/build/ComPWA/ComPWA/executables/test/DataIFTestApp.cpp...
Parsing file /home/travis/build/ComPWA/ComPWA/executables/test/DataIFTestApp.cpp...
Preprocessing /home/travis/build/ComPWA/ComPWA/executables/test/EstimatorTestApp.cpp...
Parsing file /home/travis/build/ComPWA/ComPWA/executables/test/EstimatorTestApp.cpp...
Preprocessing /home/travis/build/ComPWA/ComPWA/executables/test/GenevaTestApp.cpp...
Parsing file /home/travis/build/ComPWA/ComPWA/executables/test/GenevaTestApp.cpp...
Preprocessing /home/travis/build/ComPWA/ComPWA/executables/test/IntegrationTestApp.cpp...
Parsing file /home/travis/build/ComPWA/ComPWA/executables/test/IntegrationTestApp.cpp...
Preprocessing /home/travis/build/ComPWA/ComPWA/executables/test/IntegrationTestBinnedApp.cpp...
Parsing file /home/travis/build/ComPWA/ComPWA/executables/test/IntegrationTestBinnedApp.cpp...
Preprocessing /home/travis/build/ComPWA/ComPWA/executables/test/IteratorTestApp.cpp...
Parsing file /home/travis/build/ComPWA/ComPWA/executables/test/IteratorTestApp.cpp...
Preprocessing /home/travis/build/ComPWA/ComPWA/executables/test/MinuitTestApp.cpp...
Parsing file /home/travis/build/ComPWA/ComPWA/executables/test/MinuitTestApp.cpp...
Preprocessing /home/travis/build/ComPWA/ComPWA/executables/test/OpenMPTestApp.cpp...
Parsing file /home/travis/build/ComPWA/ComPWA/executables/test/OpenMPTestApp.cpp...
Preprocessing /home/travis/build/ComPWA/ComPWA/executables/test/OptimizerTestApp.cpp...
Parsing file /home/travis/build/ComPWA/ComPWA/executables/test/OptimizerTestApp.cpp...
Preprocessing /home/travis/build/ComPWA/ComPWA/executables/test/PhysicsTestApp.cpp...
Parsing file /home/travis/build/ComPWA/ComPWA/executables/test/PhysicsTestApp.cpp...
Preprocessing /home/travis/build/ComPWA/ComPWA/executables/test/PolyFit.cpp...
Parsing file /home/travis/build/ComPWA/ComPWA/executables/test/PolyFit.cpp...
Preprocessing /home/travis/build/ComPWA/ComPWA/executables/test/PolyFit.hpp...
Parsing file /home/travis/build/ComPWA/ComPWA/executables/test/PolyFit.hpp...
Preprocessing /home/travis/build/ComPWA/ComPWA/executables/test/RunManagerTestApp.cpp...
Parsing file /home/travis/build/ComPWA/ComPWA/executables/test/RunManagerTestApp.cpp...
Preprocessing /home/travis/build/ComPWA/ComPWA/executables/test/TreeTestApp.cpp...
Parsing file /home/travis/build/ComPWA/ComPWA/executables/test/TreeTestApp.cpp...
Preprocessing /home/travis/build/ComPWA/ComPWA/Optimizer/Geneva/GenevaIF.cpp...
Parsing file /home/travis/build/ComPWA/ComPWA/Optimizer/Geneva/GenevaIF.cpp...
Preprocessing /home/travis/build/ComPWA/ComPWA/Optimizer/Geneva/GenevaIF.hpp...
Parsing file /home/travis/build/ComPWA/ComPWA/Optimizer/Geneva/GenevaIF.hpp...
Preprocessing /home/travis/build/ComPWA/ComPWA/Optimizer/Geneva/GenevaResult.cpp...
Parsing file /home/travis/build/ComPWA/ComPWA/Optimizer/Geneva/GenevaResult.cpp...
Preprocessing /home/travis/build/ComPWA/ComPWA/Optimizer/Geneva/GenevaResult.hpp...
Parsing file /home/travis/build/ComPWA/ComPWA/Optimizer/Geneva/GenevaResult.hpp...
Preprocessing /home/travis/build/ComPWA/ComPWA/Optimizer/Geneva/GStartIndividual.cpp...
Parsing file /home/travis/build/ComPWA/ComPWA/Optimizer/Geneva/GStartIndividual.cpp...
Preprocessing /home/travis/build/ComPWA/ComPWA/Optimizer/Geneva/GStartIndividual.hpp...
Parsing file /home/travis/build/ComPWA/ComPWA/Optimizer/Geneva/GStartIndividual.hpp...
Preprocessing /home/travis/build/ComPWA/ComPWA/Optimizer/Minuit2/MinuitFcn.cpp...
Parsing file /home/travis/build/ComPWA/ComPWA/Optimizer/Minuit2/MinuitFcn.cpp...
Preprocessing /home/travis/build/ComPWA/ComPWA/Optimizer/Minuit2/MinuitFcn.hpp...
Parsing file /home/travis/build/ComPWA/ComPWA/Optimizer/Minuit2/MinuitFcn.hpp...
Preprocessing /home/travis/build/ComPWA/ComPWA/Optimizer/Minuit2/MinuitIF.cpp...
Parsing file /home/travis/build/ComPWA/ComPWA/Optimizer/Minuit2/MinuitIF.cpp...
Preprocessing /home/travis/build/ComPWA/ComPWA/Optimizer/Minuit2/MinuitIF.hpp...
Parsing file /home/travis/build/ComPWA/ComPWA/Optimizer/Minuit2/MinuitIF.hpp...
Preprocessing /home/travis/build/ComPWA/ComPWA/Optimizer/Minuit2/MinuitResult.cpp...
Parsing file /home/travis/build/ComPWA/ComPWA/Optimizer/Minuit2/MinuitResult.cpp...
Preprocessing /home/travis/build/ComPWA/ComPWA/Optimizer/Minuit2/MinuitResult.hpp...
Parsing file /home/travis/build/ComPWA/ComPWA/Optimizer/Minuit2/MinuitResult.hpp...
Preprocessing /home/travis/build/ComPWA/ComPWA/Optimizer/Optimizer.hpp...
Parsing file /home/travis/build/ComPWA/ComPWA/Optimizer/Optimizer.hpp...
Preprocessing /home/travis/build/ComPWA/ComPWA/Physics/AmplitudeSum/AmpAbsDynamicalFunction.cpp...
Parsing file /home/travis/build/ComPWA/ComPWA/Physics/AmplitudeSum/AmpAbsDynamicalFunction.cpp...
Preprocessing /home/travis/build/ComPWA/ComPWA/Physics/AmplitudeSum/AmpAbsDynamicalFunction.hpp...
Parsing file /home/travis/build/ComPWA/ComPWA/Physics/AmplitudeSum/AmpAbsDynamicalFunction.hpp...
Preprocessing /home/travis/build/ComPWA/ComPWA/Physics/AmplitudeSum/AmpFlatteRes.cpp...
Parsing file /home/travis/build/ComPWA/ComPWA/Physics/AmplitudeSum/AmpFlatteRes.cpp...
Preprocessing /home/travis/build/ComPWA/ComPWA/Physics/AmplitudeSum/AmpFlatteRes.hpp...
Parsing file /home/travis/build/ComPWA/ComPWA/Physics/AmplitudeSum/AmpFlatteRes.hpp...
Preprocessing /home/travis/build/ComPWA/ComPWA/Physics/AmplitudeSum/AmpGausRes.cpp...
Parsing file /home/travis/build/ComPWA/ComPWA/Physics/AmplitudeSum/AmpGausRes.cpp...
Preprocessing /home/travis/build/ComPWA/ComPWA/Physics/AmplitudeSum/AmpGausRes.hpp...
Parsing file /home/travis/build/ComPWA/ComPWA/Physics/AmplitudeSum/AmpGausRes.hpp...
Preprocessing /home/travis/build/ComPWA/ComPWA/Physics/AmplitudeSum/AmpRelBreitWignerRes.cpp...
Parsing file /home/travis/build/ComPWA/ComPWA/Physics/AmplitudeSum/AmpRelBreitWignerRes.cpp...
Preprocessing /home/travis/build/ComPWA/ComPWA/Physics/AmplitudeSum/AmpRelBreitWignerRes.hpp...
Parsing file /home/travis/build/ComPWA/ComPWA/Physics/AmplitudeSum/AmpRelBreitWignerRes.hpp...
Preprocessing /home/travis/build/ComPWA/ComPWA/Physics/AmplitudeSum/AmpSumIntensity.cpp...
Parsing file /home/travis/build/ComPWA/ComPWA/Physics/AmplitudeSum/AmpSumIntensity.cpp...
Preprocessing /home/travis/build/ComPWA/ComPWA/Physics/AmplitudeSum/AmpSumIntensity.hpp...
Parsing file /home/travis/build/ComPWA/ComPWA/Physics/AmplitudeSum/AmpSumIntensity.hpp...
Preprocessing /home/travis/build/ComPWA/ComPWA/Physics/AmplitudeSum/AmpSumSliceIntensity.hpp...
Parsing file /home/travis/build/ComPWA/ComPWA/Physics/AmplitudeSum/AmpSumSliceIntensity.hpp...
Preprocessing /home/travis/build/ComPWA/ComPWA/Physics/AmplitudeSum/AmpWigner2.cpp...
Parsing file /home/travis/build/ComPWA/ComPWA/Physics/AmplitudeSum/AmpWigner2.cpp...
Preprocessing /home/travis/build/ComPWA/ComPWA/Physics/AmplitudeSum/AmpWigner2.hpp...
Parsing file /home/travis/build/ComPWA/ComPWA/Physics/AmplitudeSum/AmpWigner2.hpp...
Preprocessing /home/travis/build/ComPWA/ComPWA/Physics/AmplitudeSum/NonResonant.cpp...
Parsing file /home/travis/build/ComPWA/ComPWA/Physics/AmplitudeSum/NonResonant.cpp...
Preprocessing /home/travis/build/ComPWA/ComPWA/Physics/AmplitudeSum/NonResonant.hpp...
Parsing file /home/travis/build/ComPWA/ComPWA/Physics/AmplitudeSum/NonResonant.hpp...
Preprocessing /home/travis/build/ComPWA/ComPWA/Physics/AmplitudeSum/PhiSumOfAmplitudes.cpp...
Parsing file /home/travis/build/ComPWA/ComPWA/Physics/AmplitudeSum/PhiSumOfAmplitudes.cpp...
Preprocessing /home/travis/build/ComPWA/ComPWA/Physics/AmplitudeSum/PhiSumOfAmplitudes.hpp...
Parsing file /home/travis/build/ComPWA/ComPWA/Physics/AmplitudeSum/PhiSumOfAmplitudes.hpp...
Preprocessing /home/travis/build/ComPWA/ComPWA/Physics/AmplitudeSum/WignerD.hpp...
Parsing file /home/travis/build/ComPWA/ComPWA/Physics/AmplitudeSum/WignerD.hpp...
Preprocessing /home/travis/build/ComPWA/ComPWA/Physics/BreitWigner/BreitWigner.cpp...
Parsing file /home/travis/build/ComPWA/ComPWA/Physics/BreitWigner/BreitWigner.cpp...
Preprocessing /home/travis/build/ComPWA/ComPWA/Physics/BreitWigner/BreitWigner.hpp...
Parsing file /home/travis/build/ComPWA/ComPWA/Physics/BreitWigner/BreitWigner.hpp...
Preprocessing /home/travis/build/ComPWA/ComPWA/Physics/DecayTree/DecayConfiguration.cpp...
Parsing file /home/travis/build/ComPWA/ComPWA/Physics/DecayTree/DecayConfiguration.cpp...
Preprocessing /home/travis/build/ComPWA/ComPWA/Physics/DecayTree/DecayConfiguration.hpp...
Parsing file /home/travis/build/ComPWA/ComPWA/Physics/DecayTree/DecayConfiguration.hpp...
Preprocessing /home/travis/build/ComPWA/ComPWA/Physics/DecayTree/DecayGenerator.cpp...
Parsing file /home/travis/build/ComPWA/ComPWA/Physics/DecayTree/DecayGenerator.cpp...
Preprocessing /home/travis/build/ComPWA/ComPWA/Physics/DecayTree/DecayGenerator.hpp...
Parsing file /home/travis/build/ComPWA/ComPWA/Physics/DecayTree/DecayGenerator.hpp...
Preprocessing /home/travis/build/ComPWA/ComPWA/Physics/DecayTree/DecayGeneratorConfig.cpp...
Parsing file /home/travis/build/ComPWA/ComPWA/Physics/DecayTree/DecayGeneratorConfig.cpp...
Preprocessing /home/travis/build/ComPWA/ComPWA/Physics/DecayTree/DecayGeneratorConfig.hpp...
Parsing file /home/travis/build/ComPWA/ComPWA/Physics/DecayTree/DecayGeneratorConfig.hpp...
Preprocessing /home/travis/build/ComPWA/ComPWA/Physics/DecayTree/DecayGeneratorFacade.cpp...
Parsing file /home/travis/build/ComPWA/ComPWA/Physics/DecayTree/DecayGeneratorFacade.cpp...
Preprocessing /home/travis/build/ComPWA/ComPWA/Physics/DecayTree/DecayGeneratorFacade.hpp...
Parsing file /home/travis/build/ComPWA/ComPWA/Physics/DecayTree/DecayGeneratorFacade.hpp...
Preprocessing /home/travis/build/ComPWA/ComPWA/Physics/DecayTree/DecayTree.cpp...
Parsing file /home/travis/build/ComPWA/ComPWA/Physics/DecayTree/DecayTree.cpp...
Preprocessing /home/travis/build/ComPWA/ComPWA/Physics/DecayTree/DecayTree.hpp...
Parsing file /home/travis/build/ComPWA/ComPWA/Physics/DecayTree/DecayTree.hpp...
Preprocessing /home/travis/build/ComPWA/ComPWA/Physics/DecayTree/DecayTreeFactory.cpp...
Parsing file /home/travis/build/ComPWA/ComPWA/Physics/DecayTree/DecayTreeFactory.cpp...
Preprocessing /home/travis/build/ComPWA/ComPWA/Physics/DecayTree/DecayTreeFactory.hpp...
Parsing file /home/travis/build/ComPWA/ComPWA/Physics/DecayTree/DecayTreeFactory.hpp...
Preprocessing /home/travis/build/ComPWA/ComPWA/Physics/DecayTree/DecayXMLConfigReader.cpp...
Parsing file /home/travis/build/ComPWA/ComPWA/Physics/DecayTree/DecayXMLConfigReader.cpp...
Preprocessing /home/travis/build/ComPWA/ComPWA/Physics/DecayTree/DecayXMLConfigReader.hpp...
Parsing file /home/travis/build/ComPWA/ComPWA/Physics/DecayTree/DecayXMLConfigReader.hpp...
Preprocessing /home/travis/build/ComPWA/ComPWA/Physics/DPKinematics/DalitzKinematics.cpp...
Parsing file /home/travis/build/ComPWA/ComPWA/Physics/DPKinematics/DalitzKinematics.cpp...
Preprocessing /home/travis/build/ComPWA/ComPWA/Physics/DPKinematics/DalitzKinematics.hpp...
Parsing file /home/travis/build/ComPWA/ComPWA/Physics/DPKinematics/DalitzKinematics.hpp...
Preprocessing /home/travis/build/ComPWA/ComPWA/Physics/DPKinematics/libDPKinematicsLinkDef.h...
Parsing file /home/travis/build/ComPWA/ComPWA/Physics/DPKinematics/libDPKinematicsLinkDef.h...
Preprocessing /home/travis/build/ComPWA/ComPWA/Physics/DPKinematics/RootEfficiency.cpp...
Parsing file /home/travis/build/ComPWA/ComPWA/Physics/DPKinematics/RootEfficiency.cpp...
Preprocessing /home/travis/build/ComPWA/ComPWA/Physics/DPKinematics/RootEfficiency.hpp...
Parsing file /home/travis/build/ComPWA/ComPWA/Physics/DPKinematics/RootEfficiency.hpp...
Preprocessing /home/travis/build/ComPWA/ComPWA/Physics/DPKinematics/RootGenerator.cpp...
Parsing file /home/travis/build/ComPWA/ComPWA/Physics/DPKinematics/RootGenerator.cpp...
Preprocessing /home/travis/build/ComPWA/ComPWA/Physics/DPKinematics/RootGenerator.hpp...
Parsing file /home/travis/build/ComPWA/ComPWA/Physics/DPKinematics/RootGenerator.hpp...
Preprocessing /home/travis/build/ComPWA/ComPWA/Physics/DPKinematics/SimpleAngleEfficiency.cpp...
Parsing file /home/travis/build/ComPWA/ComPWA/Physics/DPKinematics/SimpleAngleEfficiency.cpp...
Preprocessing /home/travis/build/ComPWA/ComPWA/Physics/DPKinematics/SimpleAngleEfficiency.hpp...
Parsing file /home/travis/build/ComPWA/ComPWA/Physics/DPKinematics/SimpleAngleEfficiency.hpp...
Preprocessing /home/travis/build/ComPWA/ComPWA/Physics/DPKinematics/SimpleEfficiency.cpp...
Parsing file /home/travis/build/ComPWA/ComPWA/Physics/DPKinematics/SimpleEfficiency.cpp...
Preprocessing /home/travis/build/ComPWA/ComPWA/Physics/DPKinematics/SimpleEfficiency.hpp...
Parsing file /home/travis/build/ComPWA/ComPWA/Physics/DPKinematics/SimpleEfficiency.hpp...
Preprocessing /home/travis/build/ComPWA/ComPWA/Physics/DynamicalDecayFunctions/AbstractDynamicalFunction.cpp...
Parsing file /home/travis/build/ComPWA/ComPWA/Physics/DynamicalDecayFunctions/AbstractDynamicalFunction.cpp...
Preprocessing /home/travis/build/ComPWA/ComPWA/Physics/DynamicalDecayFunctions/AbstractDynamicalFunction.hpp...
Parsing file /home/travis/build/ComPWA/ComPWA/Physics/DynamicalDecayFunctions/AbstractDynamicalFunction.hpp...
Preprocessing /home/travis/build/ComPWA/ComPWA/Physics/DynamicalDecayFunctions/DynamicalFunctionFactory.cpp...
Parsing file /home/travis/build/ComPWA/ComPWA/Physics/DynamicalDecayFunctions/DynamicalFunctionFactory.cpp...
Preprocessing /home/travis/build/ComPWA/ComPWA/Physics/DynamicalDecayFunctions/DynamicalFunctionFactory.hpp...
Parsing file /home/travis/build/ComPWA/ComPWA/Physics/DynamicalDecayFunctions/DynamicalFunctionFactory.hpp...
Preprocessing /home/travis/build/ComPWA/ComPWA/Physics/DynamicalDecayFunctions/DynamicalFunctionStrategy.cpp...
Parsing file /home/travis/build/ComPWA/ComPWA/Physics/DynamicalDecayFunctions/DynamicalFunctionStrategy.cpp...
Preprocessing /home/travis/build/ComPWA/ComPWA/Physics/DynamicalDecayFunctions/DynamicalFunctionStrategy.hpp...
Parsing file /home/travis/build/ComPWA/ComPWA/Physics/DynamicalDecayFunctions/DynamicalFunctionStrategy.hpp...
Preprocessing /home/travis/build/ComPWA/ComPWA/Physics/DynamicalDecayFunctions/TwoBodyDecay/RelativisticBreitWigner.cpp...
Parsing file /home/travis/build/ComPWA/ComPWA/Physics/DynamicalDecayFunctions/TwoBodyDecay/RelativisticBreitWigner.cpp...
Preprocessing /home/travis/build/ComPWA/ComPWA/Physics/DynamicalDecayFunctions/TwoBodyDecay/RelativisticBreitWigner.hpp...
Parsing file /home/travis/build/ComPWA/ComPWA/Physics/DynamicalDecayFunctions/TwoBodyDecay/RelativisticBreitWigner.hpp...
Preprocessing /home/travis/build/ComPWA/ComPWA/Physics/DynamicalDecayFunctions/TwoBodyDecay/TopNodeConstantValue.cpp...
Parsing file /home/travis/build/ComPWA/ComPWA/Physics/DynamicalDecayFunctions/TwoBodyDecay/TopNodeConstantValue.cpp...
Preprocessing /home/travis/build/ComPWA/ComPWA/Physics/DynamicalDecayFunctions/TwoBodyDecay/TopNodeConstantValue.hpp...
Parsing file /home/travis/build/ComPWA/ComPWA/Physics/DynamicalDecayFunctions/TwoBodyDecay/TopNodeConstantValue.hpp...
Preprocessing /home/travis/build/ComPWA/ComPWA/Physics/HelicityAmplitude/CoherentAmplitude.cpp...
Parsing file /home/travis/build/ComPWA/ComPWA/Physics/HelicityAmplitude/CoherentAmplitude.cpp...
Preprocessing /home/travis/build/ComPWA/ComPWA/Physics/HelicityAmplitude/CoherentAmplitude.hpp...
Parsing file /home/travis/build/ComPWA/ComPWA/Physics/HelicityAmplitude/CoherentAmplitude.hpp...
Preprocessing /home/travis/build/ComPWA/ComPWA/Physics/HelicityAmplitude/FinalStateParticleCombinatorics.cpp...
Parsing file /home/travis/build/ComPWA/ComPWA/Physics/HelicityAmplitude/FinalStateParticleCombinatorics.cpp...
Preprocessing /home/travis/build/ComPWA/ComPWA/Physics/HelicityAmplitude/FinalStateParticleCombinatorics.hpp...
Parsing file /home/travis/build/ComPWA/ComPWA/Physics/HelicityAmplitude/FinalStateParticleCombinatorics.hpp...
Preprocessing /home/travis/build/ComPWA/ComPWA/Physics/HelicityAmplitude/HelicityKinematics.cpp...
Parsing file /home/travis/build/ComPWA/ComPWA/Physics/HelicityAmplitude/HelicityKinematics.cpp...
Preprocessing /home/travis/build/ComPWA/ComPWA/Physics/HelicityAmplitude/HelicityKinematics.hpp...
Parsing file /home/travis/build/ComPWA/ComPWA/Physics/HelicityAmplitude/HelicityKinematics.hpp...
Preprocessing /home/travis/build/ComPWA/ComPWA/Physics/HelicityAmplitude/ParticleStateDefinitions.hpp...
Parsing file /home/travis/build/ComPWA/ComPWA/Physics/HelicityAmplitude/ParticleStateDefinitions.hpp...
Preprocessing /home/travis/build/ComPWA/ComPWA/Physics/HelicityAmplitude/TopologyAmplitude.cpp...
Parsing file /home/travis/build/ComPWA/ComPWA/Physics/HelicityAmplitude/TopologyAmplitude.cpp...
Preprocessing /home/travis/build/ComPWA/ComPWA/Physics/HelicityAmplitude/TopologyAmplitude.hpp...
Parsing file /home/travis/build/ComPWA/ComPWA/Physics/HelicityAmplitude/TopologyAmplitude.hpp...
Preprocessing /home/travis/build/ComPWA/ComPWA/Physics/HelicityAmplitude/TopologyAmplitudeFactory.cpp...
Parsing file /home/travis/build/ComPWA/ComPWA/Physics/HelicityAmplitude/TopologyAmpli/home/travis/build/ComPWA/ComPWA/Physics/AmplitudeSum/WignerD.hpp:23: warning: the name `Utils.h' supplied as the second argument in the \file statement is not an input file
/home/travis/build/ComPWA/ComPWA/Core/Logging.cpp:60: warning: no matching class member found for 
  void ComPWA::Logging::setLogLevel(trivial::severity_level minLevel)
Possible candidates:
  void ComPWA::Logging::setLogLevel(boost::log::trivial::severity_level minLevel)
  void ComPWA::Logging::setLogLevel(std::string minLevel)

tudeFactory.cpp...
Preprocessing /home/travis/build/ComPWA/ComPWA/Physics/HelicityAmplitude/TopologyAmplitudeFactory.hpp...
Parsing file /home/travis/build/ComPWA/ComPWA/Physics/HelicityAmplitude/TopologyAmplitudeFactory.hpp...
Preprocessing /home/travis/build/ComPWA/ComPWA/Physics/HelicityAmplitude/TwoBodyDecayAmplitude.cpp...
Parsing file /home/travis/build/ComPWA/ComPWA/Physics/HelicityAmplitude/TwoBodyDecayAmplitude.cpp...
Preprocessing /home/travis/build/ComPWA/ComPWA/Physics/HelicityAmplitude/TwoBodyDecayAmplitude.hpp...
Parsing file /home/travis/build/ComPWA/ComPWA/Physics/HelicityAmplitude/TwoBodyDecayAmplitude.hpp...
Preprocessing /home/travis/build/ComPWA/ComPWA/Physics/HelicityAmplitude/TwoBodyDecayAngularStrategy.cpp...
Parsing file /home/travis/build/ComPWA/ComPWA/Physics/HelicityAmplitude/TwoBodyDecayAngularStrategy.cpp...
Preprocessing /home/travis/build/ComPWA/ComPWA/Physics/HelicityAmplitude/TwoBodyDecayAngularStrategy.hpp...
Parsing file /home/travis/build/ComPWA/ComPWA/Physics/HelicityAmplitude/TwoBodyDecayAngularStrategy.hpp...
Building group list...
Building directory list...
Building namespace list...
Building file list...
Building class list...
Associating documentation with classes...
Computing nesting relations for classes...
Building example list...
Searching for enumerations...
Searching for documented typedefs...
Searching for members imported via using declarations...
Searching for included using directives...
Searching for documented variables...
Building interface member list...
Building member list...
Searching for friends...
Searching for documented defines...
Computing class inheritance relations...
Computing class usage relations...
Flushing cached template relations that have become invalid...
Creating members for template instances...
Computing class relations...
Add enum values to enums...
Searching for member function documentation...
Building page list...
Search for main page...
Computing page relations...
Determining the scope of groups...
Sorting lists...
Freeing entry tree
Determining which enums are documented
Computing member relations...
Building full member lists recursively...
Adding members to member groups.
Computing member references...
Inheriting documentation...
Generating disk names...
Adding source references...
Adding xrefitems...
Sorting member lists...
Computing dependencies between directories...
Generating citations page...
Counting data structures...
Resolving user defined references...
Finding anchors and sections in the documentation...
Transferring function references...
Combining using relations...
Adding members to index pages...
Generating style sheet...
Generating search indices...
Generating example documentation...
Generating file sources...
Generating code for file /home/travis/build/ComPWA/ComPWA/Core/AbsParameter.hpp...
Generating code for file /home/travis/build/ComPWA/ComPWA/Core/Amplitude.hpp...
Generating code for file /home/travis/build/ComPWA/ComPWA/Core/ControlParameter.hpp...
Generating code for file /home/travis/build/ComPWA/ComPWA/Core/DataPoint.hpp...
Generating code for file /home/travis/build/ComPWA/ComPWA/Core/DataPointStorage.hpp...
Generating code for file /home/travis/build/ComPWA/ComPWA/Core/Dictionary.hpp...
Generating code for file /home/travis/build/ComPWA/ComPWA/Core/documentation.hpp...
Generating code for file /home/travis/build/ComPWA/ComPWA/Core/Efficiency.hpp...
Generating code for file /home/travis/build/ComPWA/ComPWA/Core/Event.hpp...
Generating code for file /home/travis/build/ComPWA/ComPWA/Core/Exceptions.hpp...
Generating code for file /home/travis/build/ComPWA/ComPWA/Core/FitResult.hpp...
Generating code for file /home/travis/build/ComPWA/ComPWA/Core/Functions.hpp...
Generating code for file /home/travis/build/ComPWA/ComPWA/Core/FunctionTree.hpp...
Generating code for file /home/travis/build/ComPWA/ComPWA/Core/Generator.hpp...
Generating code for file /home/travis/build/ComPWA/ComPWA/Core/Kinematics.hpp...
Generating code for file /home/travis/build/ComPWA/ComPWA/Core/Logging.hpp...
Generating code for file /home/travis/build/ComPWA/ComPWA/Core/Parameter.hpp...
Generating code for file /home/travis/build/ComPWA/ComPWA/Core/ParameterList.hpp...
Generating code for file /home/travis/build/ComPWA/ComPWA/Core/ParObserver.hpp...
Generating code for file /home/travis/build/ComPWA/ComPWA/Core/Particle.hpp...
Generating code for file /home/travis/build/ComPWA/ComPWA/Core/PhysConst.hpp...
Generating code for file /home/travis/build/ComPWA/ComPWA/Core/ProgressBar.hpp...
Generating code for file /home/travis/build/ComPWA/ComPWA/Core/Resolution.hpp...
Generating code for file /home/travis/build/ComPWA/ComPWA/Core/Resonance.hpp...
Generating code for file /home/travis/build/ComPWA/ComPWA/Core/RunManager.hpp...
Generating code for file /home/travis/build/ComPWA/ComPWA/Core/TableFormater.hpp...
Generating code for file /home/travis/build/ComPWA/ComPWA/Core/TreeNode.hpp...
Generating code for file /home/travis/build/ComPWA/ComPWA/Core/TwoBodyKinematics.hpp...
Generating code for file /home/travis/build/ComPWA/ComPWA/Core/Utility.hpp...
Generating code for file /home/travis/build/ComPWA/ComPWA/DataReader/AsciiReader/AsciiReader.hpp...
Generating code for file /home/travis/build/ComPWA/ComPWA/DataReader/CorrectionTable.hpp...
Generating code for file /home/travis/build/ComPWA/ComPWA/DataReader/Data.hpp...
Generating code for file /home/travis/build/ComPWA/ComPWA/DataReader/DataCorrection.hpp...
Generating code for file /home/travis/build/ComPWA/ComPWA/DataReader/JakeReader/JakeReader.hpp...
Generating code for file /home/travis/build/ComPWA/ComPWA/DataReader/RootReader/RootReader.hpp...
Generating code for file /home/travis/build/ComPWA/ComPWA/Estimator/ChiOneD/ChiOneD.hpp...
Generating code for file /home/travis/build/ComPWA/ComPWA/Estimator/Estimator.hpp...
Generating code for file /home/travis/build/ComPWA/ComPWA/Estimator/MinLogLH/MinLogLH.hpp...
Generating code for file /home/travis/build/ComPWA/ComPWA/Estimator/SliceFit/SliceFit.hpp...
Generating code for file /home/travis/build/ComPWA/ComPWA/Estimator/SliceFitUB/SliceFitUB.hpp...
Generating code for file /home/travis/build/ComPWA/ComPWA/executables/AmpPlotter/LinkDefPlotter.h...
Generating code for file /home/travis/build/ComPWA/ComPWA/executables/AmpPlotter/TTripleSliderDemo.hpp...
Generating code for file /home/travis/build/ComPWA/ComPWA/executables/Examples/DalitzAnalysis_D0KsKK/PlotData.hpp...
Generating code for file /home/travis/build/ComPWA/ComPWA/executables/Examples/DalitzAnalysis_D0KsKK/Tools.hpp...
Generating code for file /home/travis/build/ComPWA/ComPWA/executables/ROOTPlotHelper.hpp...
Generating code for file /home/travis/build/ComPWA/ComPWA/executables/test/PolyFit.hpp...
Generating code for file /home/travis/build/ComPWA/ComPWA/Optimizer/Geneva/GenevaIF.hpp...
Generating code for file /home/travis/build/ComPWA/ComPWA/Optimizer/Geneva/GenevaResult.hpp...
Generating code for file /home/travis/build/ComPWA/ComPWA/Optimizer/Geneva/GStartIndividual.hpp...
Generating code for file /home/travis/build/ComPWA/ComPWA/Optimizer/Minuit2/MinuitFcn.hpp...
Generating code for file /home/travis/build/ComPWA/ComPWA/Optimizer/Minuit2/MinuitIF.hpp...
Generating code for file /home/travis/build/ComPWA/ComPWA/Optimizer/Minuit2/MinuitResult.hpp...
Generating code for file /home/travis/build/ComPWA/ComPWA/Optimizer/Optimizer.hpp...
Generating code for file /home/travis/build/ComPWA/ComPWA/Physics/AmplitudeSum/AmpAbsDynamicalFunction.hpp...
Generating code for file /home/travis/build/ComPWA/ComPWA/Physics/AmplitudeSum/AmpFlatteRes.hpp...
Generating code for file /home/travis/build/ComPWA/ComPWA/Physics/AmplitudeSum/AmpGausRes.hpp...
Generating code for file /home/travis/build/ComPWA/ComPWA/Physics/AmplitudeSum/AmpRelBreitWignerRes.hpp...
Generating code for file /home/travis/build/ComPWA/ComPWA/Physics/AmplitudeSum/AmpSumIntensity.hpp...
Generating code for file /home/travis/build/ComPWA/ComPWA/Physics/AmplitudeSum/AmpSumSliceIntensity.hpp...
Generating code for file /home/travis/build/ComPWA/ComPWA/Physics/AmplitudeSum/AmpWigner2.hpp...
Generating code for file /home/travis/build/ComPWA/ComPWA/Physics/AmplitudeSum/NonResonant.hpp...
Generating code for file /home/travis/build/ComPWA/ComPWA/Physics/AmplitudeSum/PhiSumOfAmplitudes.hpp...
Generating code for file /home/travis/build/ComPWA/ComPWA/Physics/AmplitudeSum/WignerD.hpp...
Generating code for file /home/travis/build/ComPWA/ComPWA/Physics/BreitWigner/BreitWigner.hpp...
Generating code for file /home/travis/build/ComPWA/ComPWA/Physics/DecayTree/DecayConfiguration.hpp...
Generating code for file /home/travis/build/ComPWA/ComPWA/Physics/DecayTree/DecayGenerator.hpp...
Generating code for file /home/travis/build/ComPWA/ComPWA/Physics/DecayTree/DecayGeneratorConfig.hpp...
Generating code for file /home/travis/build/ComPWA/ComPWA/Physics/DecayTree/DecayGeneratorFacade.hpp...
Generating code for file /home/travis/build/ComPWA/ComPWA/Physics/DecayTree/DecayTree.hpp...
Generating code for file /home/travis/build/ComPWA/ComPWA/Physics/DecayTree/DecayTreeFactory.hpp...
Generating code for file /home/travis/build/ComPWA/ComPWA/Physics/DecayTree/DecayXMLConfigReader.hpp...
Generating code for file /home/travis/build/ComPWA/ComPWA/Physics/DPKinematics/DalitzKinematics.hpp...
Generating code for file /home/travis/build/ComPWA/ComPWA/Physics/DPKinematics/libDPKinematicsLinkDef.h...
Generating code for file /home/travis/build/ComPWA/ComPWA/Physics/DPKinematics/RootEfficiency.hpp...
Generating code for file /home/travis/build/ComPWA/ComPWA/Physics/DPKinematics/RootGenerator.hpp...
Generating code for file /home/travis/build/ComPWA/ComPWA/Physics/DPKinematics/SimpleAngleEfficiency.hpp...
Generating code for file /home/travis/build/ComPWA/ComPWA/Physics/DPKinematics/SimpleEfficiency.hpp...
Generating code for file /home/travis/build/ComPWA/ComPWA/Physics/DynamicalDecayFunctions/AbstractDynamicalFunction.hpp...
Generating code for file /home/travis/build/ComPWA/ComPWA/Physics/DynamicalDecayFunctions/DynamicalFunctionFactory.hpp...
Generating code for file /home/travis/build/ComPWA/ComPWA/Physics/DynamicalDecayFunctions/DynamicalFunctionStrategy.hpp...
Generating code for file /home/travis/build/ComPWA/ComPWA/Physics/DynamicalDecayFunctions/TwoBodyDecay/RelativisticBreitWigner.hpp...
Generating code for file /home/travis/build/ComPWA/ComPWA/Physics/DynamicalDecayFunctions/TwoBodyDecay/TopNodeConstantValue.hpp...
Generating code for file /home/travis/build/ComPWA/ComPWA/Physics/HelicityAmplitude/CoherentAmplitude.hpp...
Generating code for file /home/travis/build/ComPWA/ComPWA/Physics/HelicityAmplitude/FinalStateParticleCombinatorics.hpp...
Generating code for file /home/travis/build/ComPWA/ComPWA/Physics/HelicityAmplitude/HelicityKinematics.hpp...
Generating code for file /home/travis/build/ComPWA/ComPWA/Physics/HelicityAmplitude/ParticleStateDefinitions.hpp...
Generating code for file /home/travis/build/ComPWA/ComPWA/Physics/HelicityAmplitude/TopologyAmplitude.hpp...
Generating code for file /home/travis/build/ComPWA/ComPWA/Physics/HelicityAmplitude/TopologyAmplitudeFactory.hpp...
Generating code for file /home/travis/build/ComPWA/ComPWA/Physics/HelicityAmplitude/TwoBodyDecayAmplitude.hpp...
Generating code for file /home/travis/build/ComPWA/ComPWA/Physics/HelicityAmplitude/TwoBodyDecayAngularStrategy.hpp...
Generating file documentation...
Generating docs for file /home/travis/build/ComPWA/ComPWA/Core/AbsParameter.hpp...
Generating docs for file /home/travis/build/ComPWA/ComPWA/Core/Amplitude.cpp...
Generating docs for file /home/travis/build/ComPWA/ComPWA/Core/Amplitude.hpp...
Generating docs for file /home/travis/build/ComPWA/ComPWA/Core/ControlParameter.cpp...
Generating docs for file /home/travis/build/ComPWA/ComPWA/Core/ControlParameter.hpp...
Generating docs for file /home/travis/build/ComPWA/ComPWA/Core/DataPoint.cpp...
Generating docs for file /home/travis/build/ComPWA/ComPWA/Core/DataPoint.hpp...
Generating docs for file /home/travis/build/ComPWA/ComPWA/Core/DataPointStorage.cpp...
Generating docs for file /home/travis/build/ComPWA/ComPWA/Core/DataPointStorage.hpp...
Generating docs for file /home/travis/build/ComPWA/ComPWA/Core/Dictionary.cpp...
Generating docs for file /home/travis/build/ComPWA/ComPWA/Core/Dictionary.hpp...
Generating docs for file /home/travis/build/ComPWA/ComPWA/Core/documentation.hpp...
Generating docs for file /home/travis/build/ComPWA/ComPWA/Core/Efficiency.cpp...
Generating docs for file /home/travis/build/ComPWA/ComPWA/Core/Efficiency.hpp...
Generating docs for file /home/travis/build/ComPWA/ComPWA/Core/Event.cpp...
Generating docs for file /home/travis/build/ComPWA/ComPWA/Core/Event.hpp...
Generating docs for file /home/travis/build/ComPWA/ComPWA/Core/Exceptions.hpp...
Generating docs for file /home/travis/build/ComPWA/ComPWA/Core/FitResult.cpp...
Generating docs for file /home/travis/build/ComPWA/ComPWA/Core/FitResult.hpp...
Generating docs for file /home/travis/build/ComPWA/ComPWA/Core/Functions.cpp...
Generating docs for file /home/travis/build/ComPWA/ComPWA/Core/Functions.hpp...
Generating docs for file /home/travis/build/ComPWA/ComPWA/Core/FunctionTree.cpp...
Generating docs for file /home/travis/build/ComPWA/ComPWA/Core/FunctionTree.hpp...
Generating docs for file /home/travis/build/ComPWA/ComPWA/Core/Generator.hpp...
Generating docs for file /home/travis/build/ComPWA/ComPWA/Core/Kinematics.cpp...
Generating docs for file /home/travis/build/ComPWA/ComPWA/Core/Kinematics.hpp...
Generating docs for file /home/travis/build/ComPWA/ComPWA/Core/Logging.cpp...
Generating docs for file /home/travis/build/ComPWA/ComPWA/Core/Logging.hpp...
Generating docs for file /home/travis/build/ComPWA/ComPWA/Core/Parameter.hpp...
Generating docs for file /home/travis/build/ComPWA/ComPWA/Core/ParameterList.cpp...
Generating docs for file /home/travis/build/ComPWA/ComPWA/Core/ParameterList.hpp...
Generating docs for file /home/travis/build/ComPWA/ComPWA/Core/ParameterListTest.cpp...
Generating docs for file /home/travis/build/ComPWA/ComPWA/Core/ParameterTest.cpp...
Generating docs for file /home/travis/build/ComPWA/ComPWA/Core/ParObserver.hpp...
Generating docs for file /home/travis/build/ComPWA/ComPWA/Core/Particle.cpp...
Generating docs for file /home/travis/build/ComPWA/ComPWA/Core/Particle.hpp...
Generating docs for file /home/travis/build/ComPWA/ComPWA/Core/PhysConst.cpp...
Generating docs for file /home/travis/build/ComPWA/ComPWA/Core/PhysConst.hpp...
Generating docs for file /home/travis/build/ComPWA/ComPWA/Core/ProgressBar.cpp...
Generating docs for file /home/travis/build/ComPWA/ComPWA/Core/ProgressBar.hpp...
Generating docs for file /home/travis/build/ComPWA/ComPWA/Core/Resolution.hpp...
Generating docs for file /home/travis/build/ComPWA/ComPWA/Core/Resonance.hpp...
Generating docs for file /home/travis/build/ComPWA/ComPWA/Core/RunManager.cpp...
Generating docs for file /home/travis/build/ComPWA/ComPWA/Core/RunManager.hpp...
Generating docs for file /home/travis/build/ComPWA/ComPWA/Core/TableFormater.cpp...
Generating docs for file /home/travis/build/ComPWA/ComPWA/Core/TableFormater.hpp...
Generating docs for file /home/travis/build/ComPWA/ComPWA/Core/TreeNode.cpp...
Generating docs for file /home/travis/build/ComPWA/ComPWA/Core/TreeNode.hpp...
Generating docs for file /home/travis/build/ComPWA/ComPWA/Core/TwoBodyKinematics.cpp...
Generating docs for file /home/travis/build/ComPWA/ComPWA/Core/TwoBodyKinematics.hpp...
Generating docs for file /home/travis/build/ComPWA/ComPWA/Core/Utility.hpp...
Generating docs for file /home/travis/build/ComPWA/ComPWA/DataReader/AsciiReader/AsciiReader.cpp...
Generating docs for file /home/travis/build/ComPWA/ComPWA/DataReader/AsciiReader/AsciiReader.hpp...
Generating docs for file /home/travis/build/ComPWA/ComPWA/DataReader/CorrectionTable.cpp...
Generating docs for file /home/travis/build/ComPWA/ComPWA/DataReader/CorrectionTable.hpp...
Generating docs for file /home/travis/build/ComPWA/ComPWA/DataReader/Data.cpp...
Generating docs for file /home/travis/build/ComPWA/ComPWA/DataReader/Data.hpp...
Generating docs for file /home/travis/build/ComPWA/ComPWA/DataReader/DataCorrection.cpp...
Generating docs for file /home/travis/build/ComPWA/ComPWA/DataReader/DataCorrection.hpp...
Generating docs for file /home/travis/build/ComPWA/ComPWA/DataReader/JakeReader/JakeReader.cpp...
Generating docs for file /home/travis/build/ComPWA/ComPWA/DataReader/JakeReader/JakeReader.hpp...
Generating docs for file /home/travis/build/ComPWA/ComPWA/DataReader/RootReader/DataTest.cpp...
Generating docs for file /home/travis/build/ComPWA/ComPWA/DataReader/RootReader/RootReader.cpp...
Generating docs for file /home/travis/build/ComPWA/ComPWA/DataReader/RootReader/RootReader.hpp...
Generating docs for file /home/travis/build/ComPWA/ComPWA/Estimator/AmpFcn.cpp...
Generating docs for file /home/travis/build/ComPWA/ComPWA/Estimator/ChiOneD/ChiOneD.cpp...
Generating docs for file /home/travis/build/ComPWA/ComPWA/Estimator/ChiOneD/ChiOneD.hpp...
Generating docs for file /home/travis/build/ComPWA/ComPWA/Estimator/Estimator.hpp...
Generating docs for file /home/travis/build/ComPWA/ComPWA/Estimator/MinLogLH/MinLogLH.cpp...
Generating docs for file /home/travis/build/ComPWA/ComPWA/Estimator/MinLogLH/MinLogLH.hpp...
Generating docs for file /home/travis/build/ComPWA/ComPWA/Estimator/SliceFit/SliceFit.cpp...
Generating docs for file /home/travis/build/ComPWA/ComPWA/Estimator/SliceFit/SliceFit.hpp...
Generating docs for file /home/travis/build/ComPWA/ComPWA/Estimator/SliceFitUB/SliceFitUB.cpp...
Generating docs for file /home/travis/build/ComPWA/ComPWA/Estimator/SliceFitUB/SliceFitUB.hpp...
Generating docs for file /home/travis/build/ComPWA/ComPWA/executables/AmpPlotter/AmpPlotterApp.cpp...
Generating docs for file /home/travis/build/ComPWA/ComPWA/executables/AmpPlotter/AutoDict_vector_TLorentzVector_.cxx...
Generating docs for file /home/travis/build/ComPWA/ComPWA/executables/AmpPlotter/LinkDefPlotter.h...
Generating docs for file /home/travis/build/ComPWA/ComPWA/executables/AmpPlotter/TTripleSliderDemo.hpp...
Generating docs for file /home/travis/build/ComPWA/ComPWA/executables/BlackScholesApp.cpp...
Generating docs for file /home/travis/build/ComPWA/ComPWA/executables/CompareTreeAmpApp.cpp...
Generating docs for file /home/travis/build/ComPWA/ComPWA/executables/DPareaTestApp.cpp...
Generating docs for file /home/travis/build/ComPWA/ComPWA/executables/Examples/DalitzAnalysis_D0KsKK/DalitzFitD03K.cpp...
Generating docs for file /home/travis/build/ComPWA/ComPWA/executables/Examples/DalitzAnalysis_D0KsKK/PlotData.cpp...
Generating docs for file /home/travis/build/ComPWA/ComPWA/executables/Examples/DalitzAnalysis_D0KsKK/PlotData.hpp...
Generating docs for file /home/travis/build/ComPWA/ComPWA/executables/Examples/DalitzAnalysis_D0KsKK/Tools.hpp...
Generating docs for file /home/travis/build/ComPWA/ComPWA/executables/Examples/DalitzFit/DalitzDataPlotterApp.cpp...
Generating docs for file /home/travis/build/ComPWA/ComPWA/executables/Examples/DalitzFit/DalitzFitApp.cpp...
Generating docs for file /home/travis/build/ComPWA/ComPWA/executables/Examples/DalitzFit/GenDalitzApp.cpp...
Generating docs for file /home/travis/build/ComPWA/ComPWA/executables/Examples/DalitzFit/GenPhspApp.cpp...
Generating docs for file /home/travis/build/ComPWA/ComPWA/executables/Examples/SliceFit/SliceFitApp.cpp...
Generating docs for file /home/travis/build/ComPWA/ComPWA/executables/Examples/SliceFit/SliceFitRANDApp.cpp...
Generating docs for file /home/travis/build/ComPWA/ComPWA/executables/Examples/SliceFit/SliceFitUBApp.cpp...
Generating docs for file /home/travis/build/ComPWA/ComPWA/executables/GenRunManagerApp.cpp...
Generating docs for file /home/travis/build/ComPWA/ComPWA/executables/GenTwoPartApp.cpp...
Generating docs for file /home/travis/build/ComPWA/ComPWA/executables/HelicityAmplitudeFitApp.cpp...
Generating docs for file /home/travis/build/ComPWA/ComPWA/executables/HelicityCoherentAmplitudeEventGenApp.cpp...
Generating docs for file /home/travis/build/ComPWA/ComPWA/executables/HelicityCoherentAmplitudePlotApp.cpp...
Generating docs for file /home/travis/build/ComPWA/ComPWA/executables/HelicityDecayTreeGeneratorTestApp.cpp...
Generating docs for file /home/travis/build/ComPWA/ComPWA/executables/HelicityDecayTreeTestApp.cpp...
Generating docs for file /home/travis/build/ComPWA/ComPWA/executables/LHNormalizationTestApp.cpp...
Generating docs for file /home/travis/build/ComPWA/ComPWA/executables/MultiVariateGaussianTestApp.cpp...
Generating docs for file /home/travis/build/ComPWA/ComPWA/executables/NeuralNetworkApp.cpp...
Generating docs for file /home/travis/build/ComPWA/ComPWA/executables/ROOTPlotHelper.hpp...
Generating docs for file /home/travis/build/ComPWA/ComPWA/executables/SerializationApp.cpp...
Generating docs for file /home/travis/build/ComPWA/ComPWA/executables/test/CX0TestApp.cpp...
Generating docs for file /home/travis/build/ComPWA/ComPWA/executables/test/DataIFTestApp.cpp...
Generating docs for file /home/travis/build/ComPWA/ComPWA/executables/test/EstimatorTestApp.cpp...
Generating docs for file /home/travis/build/ComPWA/ComPWA/executables/test/GenevaTestApp.cpp...
Generating docs for file /home/travis/build/ComPWA/ComPWA/executables/test/IntegrationTestApp.cpp...
Generating docs for file /home/travis/build/ComPWA/ComPWA/executables/test/IntegrationTestBinnedApp.cpp...
Generating docs for file /home/travis/build/ComPWA/ComPWA/executables/test/IteratorTestApp.cpp...
Generating docs for file /home/travis/build/ComPWA/ComPWA/executables/test/MinuitTestApp.cpp...
Generating docs for file /home/travis/build/ComPWA/ComPWA/executables/test/OpenMPTestApp.cpp...
Generating docs for file /home/travis/build/ComPWA/ComPWA/executables/test/OptimizerTestApp.cpp...
Generating docs for file /home/travis/build/ComPWA/ComPWA/executables/test/PhysicsTestApp.cpp...
Generating docs for file /home/travis/build/ComPWA/ComPWA/executables/test/PolyFit.cpp...
Generating docs for file /home/travis/build/ComPWA/ComPWA/executables/test/PolyFit.hpp...
Generating docs for file /home/travis/build/ComPWA/ComPWA/executables/test/RunManagerTestApp.cpp...
Generating docs for file /home/travis/build/ComPWA/ComPWA/executables/test/TreeTestApp.cpp...
Generating docs for file /home/travis/build/ComPWA/ComPWA/Optimizer/Geneva/GenevaIF.cpp...
Generating docs for file /home/travis/build/ComPWA/ComPWA/Optimizer/Geneva/GenevaIF.hpp...
Generating docs for file /home/travis/build/ComPWA/ComPWA/Optimizer/Geneva/GenevaResult.cpp...
Generating docs for file /home/travis/build/ComPWA/ComPWA/Optimizer/Geneva/GenevaResult.hpp...
Generating docs for file /home/travis/build/ComPWA/ComPWA/Optimizer/Geneva/GStartIndividual.cpp...
Generating docs for file /home/travis/build/ComPWA/ComPWA/Optimizer/Geneva/GStartIndividual.hpp...
Generating docs for file /home/travis/build/ComPWA/ComPWA/Optimizer/Minuit2/MinuitFcn.cpp...
Generating docs for file /home/travis/build/ComPWA/ComPWA/Optimizer/Minuit2/MinuitFcn.hpp...
Generating docs for file /home/travis/build/ComPWA/ComPWA/Optimizer/Minuit2/MinuitIF.cpp...
Generating docs for file /home/travis/build/ComPWA/ComPWA/Optimizer/Minuit2/MinuitIF.hpp...
Generating docs for file /home/travis/build/ComPWA/ComPWA/Optimizer/Minuit2/MinuitResult.cpp...
Generating docs for file /home/travis/build/ComPWA/ComPWA/Optimizer/Minuit2/MinuitResult.hpp...
Generating docs for file /home/travis/build/ComPWA/ComPWA/Optimizer/Optimizer.hpp...
Generating docs for file /home/travis/build/ComPWA/ComPWA/Physics/AmplitudeSum/AmpAbsDynamicalFunction.cpp...
Generating docs for file /home/travis/build/ComPWA/ComPWA/Physics/AmplitudeSum/AmpAbsDynamicalFunction.hpp...
Generating docs for file /home/travis/build/ComPWA/ComPWA/Physics/AmplitudeSum/AmpFlatteRes.cpp...
Generating docs for file /home/travis/build/ComPWA/ComPWA/Physics/AmplitudeSum/AmpFlatteRes.hpp...
Generating docs for file /home/travis/build/ComPWA/ComPWA/Physics/AmplitudeSum/AmpGausRes.cpp...
Generating docs for file /home/travis/build/ComPWA/ComPWA/Physics/AmplitudeSum/AmpGausRes.hpp...
Generating docs for file /home/travis/build/ComPWA/ComPWA/Physics/AmplitudeSum/AmpRelBreitWignerRes.cpp...
Generating docs for file /home/travis/build/ComPWA/ComPWA/Physics/AmplitudeSum/AmpRelBreitWignerRes.hpp...
Generating docs for file /home/travis/build/ComPWA/ComPWA/Physics/AmplitudeSum/AmpSumIntensity.cpp...
Generating docs for file /home/travis/build/ComPWA/ComPWA/Physics/AmplitudeSum/AmpSumIntensity.hpp...
Generating docs for file /home/travis/build/ComPWA/ComPWA/Physics/AmplitudeSum/AmpSumSliceIntensity.hpp...
Generating docs for file /home/travis/build/ComPWA/ComPWA/Physics/AmplitudeSum/AmpWigner2.cpp...
Generating docs for file /home/travis/build/ComPWA/ComPWA/Physics/AmplitudeSum/AmpWigner2.hpp...
Generating docs for file /home/travis/build/ComPWA/ComPWA/Physics/AmplitudeSum/NonResonant.cpp...
Generating docs for file /home/travis/build/ComPWA/ComPWA/Physics/AmplitudeSum/NonResonant.hpp...
Generating docs for file /home/travis/build/ComPWA/ComPWA/Physics/AmplitudeSum/PhiSumOfAmplitudes.cpp...
Generating docs for file /home/travis/build/ComPWA/ComPWA/Physics/AmplitudeSum/PhiSumOfAmplitudes.hpp...
Generating docs for file /home/travis/build/ComPWA/ComPWA/Physics/AmplitudeSum/WignerD.hpp...
Generating docs for file /home/travis/build/ComPWA/ComPWA/Physics/BreitWigner/BreitWigner.cpp...
Generating docs for file /home/travis/build/ComPWA/ComPWA/Physics/BreitWigner/BreitWigner.hpp...
Generating docs for file /home/travis/build/ComPWA/ComPWA/Physics/DecayTree/DecayConfiguration.cpp...
Generating docs for file /home/travis/build/ComPWA/ComPWA/Physics/DecayTree/DecayConfiguration.hpp...
Generating docs for file /home/travis/build/ComPWA/ComPWA/Physics/DecayTree/DecayGenerator.cpp...
Generating docs for file /home/travis/build/ComPWA/ComPWA/Physics/DecayTree/DecayGenerator.hpp...
Generating docs for file /home/travis/build/ComPWA/ComPWA/Physics/DecayTree/DecayGeneratorConfig.cpp...
Generating docs for file /home/travis/build/ComPWA/ComPWA/Physics/DecayTree/DecayGeneratorConfig.hpp...
Generating docs for file /home/travis/build/ComPWA/ComPWA/Physics/DecayTree/DecayGeneratorFacade.cpp...
Generating docs for file /home/travis/build/ComPWA/ComPWA/Physics/DecayTree/DecayGeneratorFacade.hpp...
Generating docs for file /home/travis/build/ComPWA/ComPWA/Physics/DecayTree/DecayTree.cpp...
Generating docs for file /home/travis/build/ComPWA/ComPWA/Physics/DecayTree/DecayTree.hpp...
Generating docs for file /home/travis/build/ComPWA/ComPWA/Physics/DecayTree/DecayTreeFactory.cpp...
Generating docs for file /home/travis/build/ComPWA/ComPWA/Physics/DecayTree/DecayTreeFactory.hpp...
Generating docs for file /home/travis/build/ComPWA/ComPWA/Physics/DecayTree/DecayXMLConfigReader.cpp...
Generating docs for file /home/travis/build/ComPWA/ComPWA/Physics/DecayTree/DecayXMLConfigReader.hpp...
Generating docs for file /home/travis/build/ComPWA/ComPWA/Physics/DPKinematics/DalitzKinematics.cpp...
Generating docs for file /home/travis/build/ComPWA/ComPWA/Physics/DPKinematics/DalitzKinematics.hpp...
Generating docs for file /home/travis/build/ComPWA/ComPWA/Physics/DPKinematics/libDPKinematicsLinkDef.h...
Generating docs for file /home/travis/build/ComPWA/ComPWA/Physics/DPKinematics/RootEfficiency.cpp...
Generating docs for file /home/travis/build/ComPWA/ComPWA/Physics/DPKinematics/RootEfficiency.hpp...
Generating docs for file /home/travis/build/ComPWA/ComPWA/Physics/DPKinematics/RootGenerator.cpp...
Generating docs for file /home/travis/build/ComPWA/ComPWA/Physics/DPKinematics/RootGenerator.hpp...
Generating docs for file /home/travis/build/ComPWA/ComPWA/Physics/DPKinematics/SimpleAngleEfficiency.cpp...
Generating docs for file /home/travis/build/ComPWA/ComPWA/Physics/DPKinematics/SimpleAngleEfficiency.hpp...
Generating docs for file /home/travis/build/ComPWA/ComPWA/Physics/DPKinematics/SimpleEfficiency.cpp...
Generating docs for file /home/travis/build/ComPWA/ComPWA/Physics/DPKinematics/SimpleEfficiency.hpp...
Generating docs for file /home/travis/build/ComPWA/ComPWA/Physics/DynamicalDecayFunctions/AbstractDynamicalFunction.cpp...
Generating docs for file /home/travis/build/ComPWA/ComPWA/Physics/DynamicalDecayFunctions/AbstractDynamicalFunction.hpp...
Generating docs for file /home/travis/build/ComPWA/ComPWA/Physics/DynamicalDecayFunctions/DynamicalFunctionFactory.cpp...
Generating docs for file /home/travis/build/ComPWA/ComPWA/Physics/DynamicalDecayFunctions/DynamicalFunctionFactory.hpp...
Generating docs for file /home/travis/build/ComPWA/ComPWA/Physics/DynamicalDecayFunctions/DynamicalFunctionStrategy.cpp...
Generating docs for file /home/travis/build/ComPWA/ComPWA/Physics/DynamicalDecayFunctions/DynamicalFunctionStrategy.hpp...
Generating docs for file /home/travis/build/ComPWA/ComPWA/Physics/DynamicalDecayFunctions/TwoBodyDecay/RelativisticBreitWigner.cpp...
Generating docs for file /home/travis/build/ComPWA/ComPWA/Physics/DynamicalDecayFunctions/TwoBodyDecay/RelativisticBreitWigner.hpp...
Generating docs for file /home/travis/build/ComPWA/ComPWA/Physics/DynamicalDecayFunctions/TwoBodyDecay/TopNodeConstantValue.cpp...
Generating docs for file /home/travis/build/ComPWA/ComPWA/Physics/DynamicalDecayFunctions/TwoBodyDecay/TopNodeConstantValue.hpp...
Generating docs for file /home/travis/build/ComPWA/ComPWA/Physics/HelicityAmplitude/CoherentAmplitude.cpp...
Generating docs for file /home/travis/build/ComPWA/ComPWA/Physics/HelicityAmplitude/CoherentAmplitude.hpp...
Generating docs for file /home/travis/build/ComPWA/ComPWA/Physics/HelicityAmplitude/FinalStateParticleCombinatorics.cpp...
Generating docs for file /home/travis/build/ComPWA/ComPWA/Physics/HelicityAmplitude/FinalStateParticleCombinatorics.hpp...
Generating docs for file /home/travis/build/ComPWA/ComPWA/Physics/HelicityAmplitude/HelicityKinematics.cpp...
Generating docs for file /home/travis/build/ComPWA/ComPWA/Physics/HelicityAmplitude/HelicityKinematics.hpp...
Generating docs for file /home/travis/build/ComPWA/ComPWA/Physics/HelicityAmplitude/ParticleStateDefinitions.hpp...
Generating docs for file /home/travis/build/ComPWA/ComPWA/Physics/HelicityAmplitude/TopologyAmplitude.cpp...
Generating docs for file /home/travis/build/ComPWA/ComPWA/Physics/HelicityAmplitude/TopologyAmplitude.hpp...
Generating docs for file /home/travis/build/ComPWA/ComPWA/Physics/HelicityAmplitude/TopologyAmplitudeFactory.cpp...
Generating docs for file /home/travis/build/ComPWA/ComPWA/Physics/HelicityAmplitude/TopologyAmplitudeFactory.hpp...
Generating docs for file /home/travis/build/ComPWA/ComPWA/Physics/HelicityAmplitude/TwoBodyDecayAmplitude.cpp...
Generating docs for file /home/travis/build/ComPWA/ComPWA/Physics/HelicityAmplitude/TwoBodyDecayAmplitude.hpp...
Generating docs for file /home/travis/build/ComPWA/ComPWA/Physics/HelicityAmplitude/TwoBodyDecayAngularStrategy.cpp...
Generating docs for file /home/travis/build/ComPWA/ComPWA/Physics/HelicityAmplitude/TwoBodyDecayAngularStrategy.hpp...
Generating page documentation...
Generating group documentation...
Generating class documentation...
Generating docs for compound AbsParameter...
Generating docs for compound AddAll...
Generating docs for compound Amplitude...
Generating docs for compound AmpSumSliceIntensity...
Generating docs for compound AmpWigner2...
Generating docs for compound AsciiReader...
Generating docs for compound Base...
Generating docs for compound BoolParameter...
Generating docs for compound BreitWigner...
Generating docs for compound ChiOneD...
Generating docs for compound ControlParameter...
Generating docs for compound CorrectionTable...
Generating docs for compound DalitzEfficiency...
Generating docs for compound dalitzHisto...
Generating docs for compound DalitzKinematics...
Generating docs for compound Data...
Generating docs for compound dataPoint...
Generating docs for compound Derived...
Generating docs for compound Dictionary...
Generating docs for compound DoubleParameter...
Generating docs for compound Estimator...
Generating docs for compound Event...
Generating docs for compound Exception...
Generating docs for compound FunctionTree...
Generating docs for compound GenevaIF...
Generating docs for compound GenevaResult...
Generating docs for compound IntegerParameter...
Generating docs for compound is_enabled...
Generating docs for compound JakeReader...
Generating docs for compound MinLogLH...
Generating docs for compound MinuitFcn...
Generating docs for compound MinuitIF...
Generating docs for compound MultAll...
Generating docs for compound my_Resonance...
Generating docs for compound Optimizer...
Generating docs for compound ParameterList...
Generating docs for compound ParObserver...
Generating docs for compound Particle...
Generating docs for compound PhysConst...
Generating docs for compound plotData...
Generating docs for compound PolyFit...
Generating docs for compound PowerTwo...
Generating docs for compound RootReader...
Generating docs for compound RunManager...
Generating docs for compound SimpleAngleEfficiency...
Generating docs for compound SliceFit...
Generating docs for compound Spin...
Generating docs for compound Strategy...
Generating docs for compound TreeNode...
Generating docs for compound TTripleSliderDemo...
Generating namespace index...
Generating docs for namespace boost
Generating docs for namespace boost::serialization
Generating docs for namespace ComPWA
Generating docs for compound ComPWA::AbsParameter...
Generating docs for compound ComPWA::Amplitude...
Generating docs for compound ComPWA::GaussAmp...
Generating docs for compound ComPWA::UnitAmp...
Generating docs for compound ComPWA::ControlParameter...
Generating docs for compound ComPWA::dataPoint...
Generating docs for compound ComPWA::DataPointStorage...
Generating docs for compound ComPWA::dataInfo...
Generating docs for compound ComPWA::ampInfo...
Generating docs for compound ComPWA::Dictionary...
Generating docs for compound ComPWA::Efficiency...
Generating docs for compound ComPWA::UnitEfficiency...
Generating docs for compound ComPWA::Event...
Generating docs for compound ComPWA::Exception...
Generating docs for compound ComPWA::BadConfig...
Generating docs for compound ComPWA::BadParameter...
Generating docs for compound ComPWA::BadIndex...
Generating docs for compound ComPWA::ParameterFixed...
Generating docs for compound ComPWA::WrongParType...
Generating docs for compound ComPWA::BeyondPhsp...
Generating docs for compound ComPWA::WrongVariableID...
Generating docs for compound ComPWA::ParameterOutOfBound...
Generating docs for compound ComPWA::TreeBuildError...
Generating docs for compound ComPWA::FitResult...
Generating docs for compound ComPWA::Strategy...
Generating docs for compound ComPWA::Inverse...
Generating docs for compound ComPWA::SquareRoot...
Generating docs for compound ComPWA::AddAll...
Generating docs for compound ComPWA::MultAll...
Generating docs for compound ComPWA::LogOf...
Generating docs for compound ComPWA::Real...
Generating docs for compound ComPWA::Complexify...
Generating docs for compound ComPWA::ComplexConjugate...
Generating docs for compound ComPWA::AbsSquare...
Generating docs for compound ComPWA::Power...
Generating docs for compound ComPWA::FunctionTree...
Generating docs for compound ComPWA::Generator...
Generating docs for compound ComPWA::Kinematics...
Generating docs for compound ComPWA::Logging...
Generating docs for compound ComPWA::MultiComplex...
Generating docs for compound ComPWA::MultiDouble...
Generating docs for compound ComPWA::MultiUnsignedInteger...
Generating docs for compound ComPWA::ComplexParameter...
Generating docs for compound ComPWA::DoubleParameter...
Generating docs for compound ComPWA::IntegerParameter...
Generating docs for compound ComPWA::BoolParameter...
Generating docs for compound ComPWA::ParameterList...
Generating docs for compound ComPWA::ParObserver...
Generating docs for compound ComPWA::Particle...
Generating docs for compound ComPWA::QuantumNumberTranslator...
Generating docs for compound ComPWA::SpinWave...
Generating docs for compound ComPWA::ParticleProperties...
Generating docs for compound ComPWA::Constant...
Generating docs for compound ComPWA::PhysConst...
Generating docs for compound ComPWA::progressBar...
Generating docs for compound ComPWA::Resolution...
Generating docs for compound ComPWA::ZeroResolution...
Generating docs for compound ComPWA::Resonance...
Generating docs for compound ComPWA::resIsEnabled...
Generating docs for compound ComPWA::RunManager...
Generating docs for compound ComPWA::TableFormater...
Generating docs for compound ComPWA::TexTableFormater...
Generating docs for compound ComPWA::TreeNode...
Generating docs for compound ComPWA::TwoBodyKinematics...
Generating/home/travis/build/ComPWA/ComPWA/Physics/AmplitudeSum/AmpRelBreitWignerRes.hpp:87: warning: Found unknown command `\J'
/home/travis/build/ComPWA/ComPWA/Physics/AmplitudeSum/AmpRelBreitWignerRes.hpp:82: warning: The following parameters of ComPWA::Physics::AmplitudeSum::AmpRelBreitWignerRes::dynamicalFunction(double mSq, double mR, double ma, double mb, double width, unsigned int J, double mesonRadius, formFactorType ffType=formFactorType::BlattWeisskopf) are not documented:
  parameter 'ffType'
/home/travis/build/ComPWA/ComPWA/Physics/AmplitudeSum/AmpSumIntensity.hpp:235: warning: The following parameters of ComPWA::Physics::AmplitudeSum::AmpSumIntensity::setupBasicTree(ParameterList &sample, ParameterList &phspSample, std::string suffix="") are not documented:
  parameter 'suffix'
 docs for compound ComPWA::Spin...
Generating docs for compound ComPWA::IDInfo...
Generating docs for compound ComPWA::ParticleStateInfo...
Generating docs for compound ComPWA::DataCorrection...
Generating docs for compound ComPWA::UnitCorrection...
Generating docs for compound ComPWA::MomentumCorrection...
Generating docs for namespace ComPWA::DataReader
Generating docs for compound ComPWA::DataReader::Data...
Generating docs for compound ComPWA::DataReader::RootReader...
Generating docs for namespace ComPWA::DataReader::AsciiReader
Generating docs for compound ComPWA::DataReader::AsciiReader::AsciiReader...
Generating docs for namespace ComPWA::DataReader::JakeReader
Generating docs for compound ComPWA::DataReader::JakeReader::JakeReader...
Generating docs for namespace ComPWA::DataReader::RootReader
Generating docs for namespace ComPWA::Estimator
Generating docs for compound ComPWA::Estimator::AmpFcn...
Generating docs for compound ComPWA::Estimator::Estimator...
Generating docs for namespace ComPWA::Estimator::ChiOneD
Generating docs for compound ComPWA::Estimator::ChiOneD::ChiOneD...
Generating docs for namespace ComPWA::Estimator::MinLogLH
Generating docs for compound ComPWA::Estimator::MinLogLH::MinLogLH...
Generating docs for namespace ComPWA::Estimator::SliceFit
Generating docs for compound ComPWA::Estimator::SliceFit::SliceFit...
Generating docs for namespace ComPWA::Estimator::SliceFitUB
Generating docs for compound ComPWA::Estimator::SliceFitUB::SliceFitUB...
Generating docs for namespace ComPWA::Estimator::SliceFitUb
Generating docs for namespace ComPWA::Optimizer
Generating docs for compound ComPWA::Optimizer::Optimizer...
Generating docs for namespace ComPWA::Optimizer::Geneva
Generating docs for compound ComPWA::Optimizer::Geneva::GenevaIF...
Generating docs for compound ComPWA::Optimizer::Geneva::GenevaResult...
Generating docs for namespace ComPWA::Optimizer::Minuit2
Generating docs for compound ComPWA::Optimizer::Minuit2::MinuitIF...
Generating docs for compound ComPWA::Optimizer::Minuit2::MinuitStrategy...
Generating docs for compound ComPWA::Optimizer::Minuit2::MinuitResult...
Generating docs for namespace ComPWA::Physics
Generating docs for namespace ComPWA::Physics::AmplitudeSum
Generating docs for compound ComPWA::Physics::AmplitudeSum::AmpAbsDynamicalFunction...
Generating docs for compound ComPWA::Physics::AmplitudeSum::couplingToWidthStrat...
Generating docs for compound ComPWA::Physics::AmplitudeSum::phspFactorStrat...
Generating docs for compound ComPWA::Physics::AmplitudeSum::barrierStrat...
Generating docs for compound ComPWA::Physics::AmplitudeSum::AmpFlatteRes...
Generating docs for compound ComPWA::Physics::AmplitudeSum::FlatteStrategy...
Generating docs for compound ComPWA::Physics::AmplitudeSum::AmpGausRes...
Generating docs for compound ComPWA::Physics::AmplitudeSum::AmpRelBreitWignerRes...
Generating docs for compound ComPWA::Physics::AmplitudeSum::BreitWignerStrategy...
Generating docs for compound ComPWA::Physics::AmplitudeSum::GSLOpt_integral...
Generating docs for compound ComPWA::Physics::AmplitudeSum::AmpSumIntensity...
Generating docs for compound ComPWA::Physics::AmplitudeSum::AmpWigner2...
Generating docs for compound ComPWA::Physics::AmplitudeSum::WignerDStrategy...
Generating docs for compound ComPWA::Physics::AmplitudeSum::NonResonant...
Generating docs for compound ComPWA::Physics::AmplitudeSum::PhiSumOfAmplitudes...
Generating docs for namespace ComPWA::Physics::BreitWigner
Generating docs for compound ComPWA::Physics::BreitWigner::BreitWigner...
Generating docs for namespace ComPWA::Physics::DecayTree
Generating docs for compound ComPWA::Physics::DecayTree::DecayProductsInfo...
Generating docs for compound ComPWA::Physics::DecayTree::DecayConfiguration...
Generating docs for compound ComPWA::Physics::DecayTree::AllowedQuantumNumbers...
Generating docs for compound ComPWA::Physics::DecayTree::IFParticleInfo...
Generating docs for compound ComPWA::Physics::DecayTree::SpinWaveDecay...
Generating docs for compound ComPWA::Physics::DecayTree::SpinWaveDecayTree...
Generating/home/travis/build/ComPWA/ComPWA/Physics/DPKinematics/DalitzKinematics.hpp:66: warning: The following parameters of ComPWA::Physics::DPKinematics::DalitzKinematics::helicityAngle(unsigned int sys, double invMassSq23, double invMassSq13) const are not documented:
  parameter 'invMassSq13'
 docs for compound ComPWA::Physics::DecayTree::DecayGenerator...
Generating docs for compound ComPWA::Physics::DecayTree::DecayGeneratorConfig...
Generating docs for compound ComPWA::Physics::DecayTree::DecayGeneratorFacade...
Generating docs for compound ComPWA::Physics::DecayTree::DecayNode...
Generating docs for compound ComPWA::Physics::DecayTree::DecayTree...
Generating docs for nested compound ComPWA::Physics::DecayTree::DecayTree::ConnectedVertexDetector...
Generating docs for nested compound ComPWA::Physics::DecayTree::DecayTree::CycleDetector...
Generating docs for nested compound ComPWA::Physics::DecayTree::DecayTree::GetAscendingVertexList...
Generating docs for nested compound ComPWA::Physics::DecayTree::DecayTree::GetVertexDecendants...
Generating docs for nested compound ComPWA::Physics::DecayTree::DecayTree::VertexWriter...
Generating docs for compound ComPWA::Physics::DecayTree::DecayTreeFactory...
Generating docs for compound ComPWA::Physics::DecayTree::DecayXMLConfigReader...
Generating docs for namespace ComPWA::Physics::DPKinematics
Generating docs for compound ComPWA::Physics::DPKinematics::DalitzKinematics...
Generating docs for compound ComPWA::Physics::DPKinematics::DalitzHistEfficiency...
Generating docs for compound ComPWA::Physics::DPKinematics::DalitzAngleHistEfficiency...
Generating docs for compound ComPWA::Physics::DPKinematics::RootGenerator...
Generating docs for compound ComPWA::Physics::DPKinematics::UniformTwoBodyGenerator...
Generating docs for compound ComPWA::Physics::DPKinematics::SimpleAngleEfficiency...
Generating docs for compound ComPWA::Physics::DPKinematics::SimpleEfficiency...
Generating docs for namespace ComPWA::Physics::DynamicalFunctions
Generating docs for compound ComPWA::Physics::DynamicalFunctions::ExternalParameters...
Generating docs for compound ComPWA::Physics::DynamicalFunctions::AbstractDynamicalFunction...
Generating docs for compound ComPWA::Physics::DynamicalFunctions::ParticleStateComperator...
Generating docs for compound ComPWA::Physics::DynamicalFunctions::DynamicalFunctionFactory...
Generating docs for compound ComPWA::Physics::DynamicalFunctions::DynamicalFunctionStrategy...
Generating docs for compound ComPWA::Physics::DynamicalFunctions::RelativisticBreitWigner...
Generating docs for compound ComPWA::Physics::DynamicalFunctions::TopNodeConstantValue...
Generating docs for namespace ComPWA::Physics::HelicityFormalism
Generating docs for compound ComPWA::Physics::HelicityFormalism::SequentialDecayInformation...
Generating docs for compound ComPWA::Physics::HelicityFormalism::CoherentAmplitude...
Generating docs for compound ComPWA::Physics::HelicityFormalism::FinalStateParticleCombinatorics...
Generating docs for nested compound ComPWA::Physics::HelicityFormalism::FinalStateParticleCombinatorics::IndexComparison...
Generating docs for nested compound ComPWA::Physics::HelicityFormalism::FinalStateParticleCombinatorics::InListIndexFilter...
Generating docs for nested compound ComPWA::Physics::HelicityFormalism::FinalStateParticleCombinatorics::NotInListIndexFilter...
Generating docs for nested compound ComPWA::Physics::HelicityFormalism::FinalStateParticleCombinatorics::UniqueMappingAccumulatorForTopology...
Generating docs for compound ComPWA::Physics::HelicityFormalism::HelicityKinematics...
Generating docs for compound ComPWA::Physics::HelicityFormalism::HelicityAngles...
Generating docs for compound ComPWA::Physics::HelicityFormalism::ParticleIDComparison...
Generating docs for compound ComPWA::Physics::HelicityFormalism::TwoBodyDecayIndices...
Generating docs for compound ComPWA::Physics::HelicityFormalism::TwoBodyDecaySpinInformation...
Generating docs for compound ComPWA::Physics::HelicityFormalism::TwoBodyDecayDynamicalInformation...
Generating docs for compound ComPWA::Physics::HelicityFormalism::TwoBodyDecayInformation...
Generating docs for compound ComPWA::Physics::HelicityFormalism::checkLessThanOnIDInfoVectorsIgnoringID...
Generating docs for compound ComPWA::Physics::HelicityFormalism::TwoBodyDecayTopology...
Generating docs for compound Csh: 1: latex: not found
error: Problems running latex. Check your installation or look for typos in _formulas.tex and check _formulas.log!
sh: 1: dvips: not found
error: Problems running dvips. Check your installation!
omPWA::Physics::HelicityFormalism::FullTwoBodyDecayAmplitude...
Generating docs for compound ComPWA::Physics::HelicityFormalism::SequentialTwoBodyDecayAmplitude...
Generating docs for compound ComPWA::Physics::HelicityFormalism::TopologyAmplitude...
Generating docs for compound ComPWA::Physics::HelicityFormalism::TopologyAmplitudeFactory...
Generating docs for compound ComPWA::Physics::HelicityFormalism::TwoBodyDecayAmplitude...
Generating docs for compound ComPWA::Physics::HelicityFormalism::TwoBodyDecayAngularStrategy...
Generating docs for namespace Gem
Generating docs for namespace Gem::Geneva
Generating docs for compound Gem::Geneva::GStartIndividual...
Generating docs for namespace NeatPlotting
Generating docs for compound NeatPlotting::DrawableDataObjectDrawOptionPair...
Generating docs for compound NeatPlotting::MarkerStyle...
Generating docs for compound NeatPlotting::LineStyle...
Generating docs for compound NeatPlotting::DataObjectStyle...
Generating docs for compound NeatPlotting::TextStyle...
Generating docs for compound NeatPlotting::AxisStyle...
Generating docs for compound NeatPlotting::PlotStyle...
Generating docs for compound NeatPlotting::GraphPoint...
Generating docs for compound NeatPlotting::PadBoundaries...
Generating docs for compound NeatPlotting::AxisRange...
Generating docs for compound NeatPlotting::PlotLabel...
Generating docs for compound NeatPlotting::PlotAccessories...
Generating docs for compound NeatPlotting::PlotAxis...
Generating docs for compound NeatPlotting::PlotBundle...
Generating docs for compound NeatPlotting::Booky...
Generating docs for compound NeatPlotting::GraphAndHistogramHelper...
Generating docs for compound NeatPlotting::SystematicsAnalyser...
Generating docs for nested compound NeatPlotting::SystematicsAnalyser::GausfitPars...
Generating docs for nested compound NeatPlotting::SystematicsAnalyser::SystematicDependencyGraphBundle...
Generating docs for namespace ROOT
Generating docs for namespace ROOT::Minuit2
Generating docs for compound ROOT::Minuit2::MinuitFcn...
Generating graph info page...
Generating directory documentation...
Generating bitmaps for formulas in HTML...
Generating image form_0.png for formula
Generating index page...
Generating page index...
Generating module index...
Generating namespace index...
Generating namespace member index...
Generating annotated compound index...
Generating alphabetical compound index...
Generating hierarchical class index...
Generating member index...
Generating file index...
Generating file member index...
Generating example index...
finalizing index lists...
lookup cache used 6940/65536 hits=34331 misses=7291
finished...
